[0.015s] Invoking command in '/root/projects/build/openarm_hardware': CMAKE_PREFIX_PATH=/root/projects/install/openarm_can:/root/projects/ros2_ws/install/realsense2_rviz_plugin:/root/projects/ros2_ws/install/openarm_bimanual_moveit_config:/root/projects/ros2_ws/install/openarm:/root/projects/ros2_ws/install/openarm_description:/root/projects/ros2_ws/install/realsense2_description:/root/projects/ros2_ws/install/realsense2_camera_msgs:/root/projects/ros2_ws/install/openarm_hardware:/root/projects/ros2_ws/install/openarm_can:/root/projects/ros2_ws/install/openarm_bringup:/root/projects/install/openarm_bringup:/root/projects/ros2_ws/install/realsense2_ros_mqtt_bridge:/opt/ros/humble PATH=/root/projects/install/openarm_can/bin:/root/projects/ros2_ws/install/openarm_can/bin:/opt/ros/humble/bin:/usr/local/sbin:/usr/local/bin:/usr/sbin:/usr/bin:/sbin:/bin PKG_CONFIG_PATH=/root/projects/install/openarm_can/lib/x86_64-linux-gnu/pkgconfig:/root/projects/install/openarm_can/lib/pkgconfig:/root/projects/ros2_ws/install/openarm_can/lib/x86_64-linux-gnu/pkgconfig:/root/projects/ros2_ws/install/openarm_can/lib/pkgconfig PROMPT_COMMAND=history -a; history -n; /usr/bin/cmake --build /root/projects/build/openarm_hardware -- -j10 -l10
[0.055s] [100%] Built target openarm_hardware
[0.063s] Invoked command in '/root/projects/build/openarm_hardware' returned '0': CMAKE_PREFIX_PATH=/root/projects/install/openarm_can:/root/projects/ros2_ws/install/realsense2_rviz_plugin:/root/projects/ros2_ws/install/openarm_bimanual_moveit_config:/root/projects/ros2_ws/install/openarm:/root/projects/ros2_ws/install/openarm_description:/root/projects/ros2_ws/install/realsense2_description:/root/projects/ros2_ws/install/realsense2_camera_msgs:/root/projects/ros2_ws/install/openarm_hardware:/root/projects/ros2_ws/install/openarm_can:/root/projects/ros2_ws/install/openarm_bringup:/root/projects/install/openarm_bringup:/root/projects/ros2_ws/install/realsense2_ros_mqtt_bridge:/opt/ros/humble PATH=/root/projects/install/openarm_can/bin:/root/projects/ros2_ws/install/openarm_can/bin:/opt/ros/humble/bin:/usr/local/sbin:/usr/local/bin:/usr/sbin:/usr/bin:/sbin:/bin PKG_CONFIG_PATH=/root/projects/install/openarm_can/lib/x86_64-linux-gnu/pkgconfig:/root/projects/install/openarm_can/lib/pkgconfig:/root/projects/ros2_ws/install/openarm_can/lib/x86_64-linux-gnu/pkgconfig:/root/projects/ros2_ws/install/openarm_can/lib/pkgconfig PROMPT_COMMAND=history -a; history -n; /usr/bin/cmake --build /root/projects/build/openarm_hardware -- -j10 -l10
[0.064s] Invoking command in '/root/projects/build/openarm_hardware': CMAKE_PREFIX_PATH=/root/projects/install/openarm_can:/root/projects/ros2_ws/install/realsense2_rviz_plugin:/root/projects/ros2_ws/install/openarm_bimanual_moveit_config:/root/projects/ros2_ws/install/openarm:/root/projects/ros2_ws/install/openarm_description:/root/projects/ros2_ws/install/realsense2_description:/root/projects/ros2_ws/install/realsense2_camera_msgs:/root/projects/ros2_ws/install/openarm_hardware:/root/projects/ros2_ws/install/openarm_can:/root/projects/ros2_ws/install/openarm_bringup:/root/projects/install/openarm_bringup:/root/projects/ros2_ws/install/realsense2_ros_mqtt_bridge:/opt/ros/humble PATH=/root/projects/install/openarm_can/bin:/root/projects/ros2_ws/install/openarm_can/bin:/opt/ros/humble/bin:/usr/local/sbin:/usr/local/bin:/usr/sbin:/usr/bin:/sbin:/bin PKG_CONFIG_PATH=/root/projects/install/openarm_can/lib/x86_64-linux-gnu/pkgconfig:/root/projects/install/openarm_can/lib/pkgconfig:/root/projects/ros2_ws/install/openarm_can/lib/x86_64-linux-gnu/pkgconfig:/root/projects/ros2_ws/install/openarm_can/lib/pkgconfig PROMPT_COMMAND=history -a; history -n; /usr/bin/cmake --install /root/projects/build/openarm_hardware
[0.070s] -- Install configuration: ""
[0.070s] -- Execute custom install script
[0.070s] -- Up-to-date symlink: /root/projects/install/openarm_hardware/share/openarm_hardware//openarm_hardware.xml
[0.070s] -- Up-to-date symlink: /root/projects/install/openarm_hardware/lib/libopenarm_hardware.so
[0.070s] -- Up-to-date symlink: /root/projects/install/openarm_hardware/include/openarm_hardware/v10_simple_hardware.hpp
[0.070s] -- Up-to-date symlink: /root/projects/install/openarm_hardware/include/openarm_hardware/visibility_control.h
[0.071s] -- Up-to-date symlink: /root/projects/install/openarm_hardware/share/openarm_hardware/environment/library_path.sh
[0.071s] -- Up-to-date symlink: /root/projects/install/openarm_hardware/share/openarm_hardware/environment/library_path.dsv
[0.071s] -- Up-to-date symlink: /root/projects/install/openarm_hardware/share/ament_index/resource_index/package_run_dependencies/openarm_hardware
[0.071s] -- Up-to-date symlink: /root/projects/install/openarm_hardware/share/ament_index/resource_index/parent_prefix_path/openarm_hardware
[0.071s] -- Up-to-date symlink: /root/projects/install/openarm_hardware/share/openarm_hardware/environment/ament_prefix_path.sh
[0.071s] -- Up-to-date symlink: /root/projects/install/openarm_hardware/share/openarm_hardware/environment/ament_prefix_path.dsv
[0.071s] -- Up-to-date symlink: /root/projects/install/openarm_hardware/share/openarm_hardware/environment/path.sh
[0.071s] -- Up-to-date symlink: /root/projects/install/openarm_hardware/share/openarm_hardware/environment/path.dsv
[0.071s] -- Up-to-date symlink: /root/projects/install/openarm_hardware/share/openarm_hardware/local_setup.bash
[0.071s] -- Up-to-date symlink: /root/projects/install/openarm_hardware/share/openarm_hardware/local_setup.sh
[0.071s] -- Up-to-date symlink: /root/projects/install/openarm_hardware/share/openarm_hardware/local_setup.zsh
[0.071s] -- Up-to-date symlink: /root/projects/install/openarm_hardware/share/openarm_hardware/local_setup.dsv
[0.071s] -- Symlinking: /root/projects/install/openarm_hardware/share/openarm_hardware/package.dsv
[0.078s] -- Up-to-date symlink: /root/projects/install/openarm_hardware/share/ament_index/resource_index/packages/openarm_hardware
[0.078s] -- Up-to-date symlink: /root/projects/install/openarm_hardware/share/ament_index/resource_index/hardware_interface__pluginlib__plugin/openarm_hardware
[0.078s] -- Up-to-date symlink: /root/projects/install/openarm_hardware/share/openarm_hardware/cmake/ament_cmake_export_include_directories-extras.cmake
[0.078s] -- Up-to-date symlink: /root/projects/install/openarm_hardware/share/openarm_hardware/cmake/ament_cmake_export_libraries-extras.cmake
[0.078s] -- Up-to-date symlink: /root/projects/install/openarm_hardware/share/openarm_hardware/cmake/ament_cmake_export_dependencies-extras.cmake
[0.078s] -- Up-to-date symlink: /root/projects/install/openarm_hardware/share/openarm_hardware/cmake/openarm_hardwareConfig.cmake
[0.078s] -- Up-to-date symlink: /root/projects/install/openarm_hardware/share/openarm_hardware/cmake/openarm_hardwareConfig-version.cmake
[0.078s] -- Up-to-date symlink: /root/projects/install/openarm_hardware/share/openarm_hardware/package.xml
[0.080s] Invoked command in '/root/projects/build/openarm_hardware' returned '0': CMAKE_PREFIX_PATH=/root/projects/install/openarm_can:/root/projects/ros2_ws/install/realsense2_rviz_plugin:/root/projects/ros2_ws/install/openarm_bimanual_moveit_config:/root/projects/ros2_ws/install/openarm:/root/projects/ros2_ws/install/openarm_description:/root/projects/ros2_ws/install/realsense2_description:/root/projects/ros2_ws/install/realsense2_camera_msgs:/root/projects/ros2_ws/install/openarm_hardware:/root/projects/ros2_ws/install/openarm_can:/root/projects/ros2_ws/install/openarm_bringup:/root/projects/install/openarm_bringup:/root/projects/ros2_ws/install/realsense2_ros_mqtt_bridge:/opt/ros/humble PATH=/root/projects/install/openarm_can/bin:/root/projects/ros2_ws/install/openarm_can/bin:/opt/ros/humble/bin:/usr/local/sbin:/usr/local/bin:/usr/sbin:/usr/bin:/sbin:/bin PKG_CONFIG_PATH=/root/projects/install/openarm_can/lib/x86_64-linux-gnu/pkgconfig:/root/projects/install/openarm_can/lib/pkgconfig:/root/projects/ros2_ws/install/openarm_can/lib/x86_64-linux-gnu/pkgconfig:/root/projects/ros2_ws/install/openarm_can/lib/pkgconfig PROMPT_COMMAND=history -a; history -n; /usr/bin/cmake --install /root/projects/build/openarm_hardware
