[0.020s] Invoking command in '/root/projects/build/openarm_bringup': CMAKE_PREFIX_PATH=${CMAKE_PREFIX_PATH}:/root/projects/ros2_ws/install/realsense2_ros_mqtt_bridge:/opt/ros/humble PROMPT_COMMAND=history -a; history -n; /usr/bin/cmake --build /root/projects/build/openarm_bringup -- -j10 -l10
[0.154s] Invoked command in '/root/projects/build/openarm_bringup' returned '0': CMAKE_PREFIX_PATH=${CMAKE_PREFIX_PATH}:/root/projects/ros2_ws/install/realsense2_ros_mqtt_bridge:/opt/ros/humble PROMPT_COMMAND=history -a; history -n; /usr/bin/cmake --build /root/projects/build/openarm_bringup -- -j10 -l10
[0.158s] Invoking command in '/root/projects/build/openarm_bringup': CMAKE_PREFIX_PATH=${CMAKE_PREFIX_PATH}:/root/projects/ros2_ws/install/realsense2_ros_mqtt_bridge:/opt/ros/humble PROMPT_COMMAND=history -a; history -n; /usr/bin/cmake --install /root/projects/build/openarm_bringup
[0.170s] -- Install configuration: ""
[0.170s] -- Execute custom install script
[0.170s] -- Up-to-date symlink: /root/projects/install/openarm_bringup/share/openarm_bringup/launch/openarm.bimanual.launch.py
[0.170s] -- Up-to-date symlink: /root/projects/install/openarm_bringup/share/openarm_bringup/launch/openarm.launch.py
[0.170s] -- Up-to-date symlink: /root/projects/install/openarm_bringup/share/openarm_bringup/config/v10_controllers/openarm_v10_bimanual_controllers.yaml
[0.170s] -- Up-to-date symlink: /root/projects/install/openarm_bringup/share/openarm_bringup/config/v10_controllers/openarm_v10_bimanual_controllers_namespaced.yaml
[0.170s] -- Up-to-date symlink: /root/projects/install/openarm_bringup/share/openarm_bringup/config/v10_controllers/openarm_v10_controllers.yaml
[0.170s] -- Up-to-date symlink: /root/projects/install/openarm_bringup/share/ament_index/resource_index/package_run_dependencies/openarm_bringup
[0.170s] -- Up-to-date symlink: /root/projects/install/openarm_bringup/share/ament_index/resource_index/parent_prefix_path/openarm_bringup
[0.170s] -- Up-to-date symlink: /root/projects/install/openarm_bringup/share/openarm_bringup/environment/ament_prefix_path.sh
[0.170s] -- Up-to-date symlink: /root/projects/install/openarm_bringup/share/openarm_bringup/environment/ament_prefix_path.dsv
[0.170s] -- Up-to-date symlink: /root/projects/install/openarm_bringup/share/openarm_bringup/environment/path.sh
[0.170s] -- Up-to-date symlink: /root/projects/install/openarm_bringup/share/openarm_bringup/environment/path.dsv
[0.170s] -- Up-to-date symlink: /root/projects/install/openarm_bringup/share/openarm_bringup/local_setup.bash
[0.170s] -- Up-to-date symlink: /root/projects/install/openarm_bringup/share/openarm_bringup/local_setup.sh
[0.170s] -- Up-to-date symlink: /root/projects/install/openarm_bringup/share/openarm_bringup/local_setup.zsh
[0.170s] -- Up-to-date symlink: /root/projects/install/openarm_bringup/share/openarm_bringup/local_setup.dsv
[0.170s] -- Symlinking: /root/projects/install/openarm_bringup/share/openarm_bringup/package.dsv
[0.185s] -- Up-to-date symlink: /root/projects/install/openarm_bringup/share/ament_index/resource_index/packages/openarm_bringup
[0.186s] -- Up-to-date symlink: /root/projects/install/openarm_bringup/share/openarm_bringup/cmake/openarm_bringupConfig.cmake
[0.186s] -- Up-to-date symlink: /root/projects/install/openarm_bringup/share/openarm_bringup/cmake/openarm_bringupConfig-version.cmake
[0.186s] -- Up-to-date symlink: /root/projects/install/openarm_bringup/share/openarm_bringup/package.xml
[0.186s] Invoked command in '/root/projects/build/openarm_bringup' returned '0': CMAKE_PREFIX_PATH=${CMAKE_PREFIX_PATH}:/root/projects/ros2_ws/install/realsense2_ros_mqtt_bridge:/opt/ros/humble PROMPT_COMMAND=history -a; history -n; /usr/bin/cmake --install /root/projects/build/openarm_bringup
