-- Found ament_cmake: 1.3.12 (/opt/ros/humble/share/ament_cmake/cmake)
-- Override CMake install command with custom implementation using symlinks instead of copying resources
-- Found hardware_interface: 2.53.1 (/opt/ros/humble/share/hardware_interface/cmake)
-- Found rosidl_generator_c: 3.1.8 (/opt/ros/humble/share/rosidl_generator_c/cmake)
-- Found rosidl_adapter: 3.1.8 (/opt/ros/humble/share/rosidl_adapter/cmake)
-- Found rosidl_generator_cpp: 3.1.8 (/opt/ros/humble/share/rosidl_generator_cpp/cmake)
-- Using all available rosidl_typesupport_c: rosidl_typesupport_fastrtps_c;rosidl_typesupport_introspection_c
-- Using all available rosidl_typesupport_cpp: rosidl_typesupport_fastrtps_cpp;rosidl_typesupport_introspection_cpp
-- Found rmw_implementation_cmake: 6.1.2 (/opt/ros/humble/share/rmw_implementation_cmake/cmake)
-- Found rmw_fastrtps_cpp: 6.2.9 (/opt/ros/humble/share/rmw_fastrtps_cpp/cmake)
-- Found TinyXML2 via Config file: TinyXML2_DIR-NOTFOUND
-- Found TinyXML2 via Config file: TinyXML2_DIR-NOTFOUND
-- Found TinyXML2 via Config file: TinyXML2_DIR-NOTFOUND
-- Found TinyXML2 via Config file: TinyXML2_DIR-NOTFOUND
-- Using RMW implementation 'rmw_fastrtps_cpp' as default
-- Configuring done
-- Generating done
-- Build files have been written to: /root/projects/build/openarm_hardware
[35m[1mConsolidate compiler generated dependencies of target openarm_hardware[0m
[100%] Built target openarm_hardware
-- Install configuration: ""
-- Execute custom install script
-- Symlinking: /root/projects/install/openarm_hardware/share/openarm_hardware//openarm_hardware.xml
-- Symlinking: /root/projects/install/openarm_hardware/lib/libopenarm_hardware.so
-- Symlinking: /root/projects/install/openarm_hardware/include/openarm_hardware/v10_simple_hardware.hpp
-- Symlinking: /root/projects/install/openarm_hardware/include/openarm_hardware/visibility_control.h
-- Symlinking: /root/projects/install/openarm_hardware/share/openarm_hardware/environment/library_path.sh
-- Symlinking: /root/projects/install/openarm_hardware/share/openarm_hardware/environment/library_path.dsv
-- Symlinking: /root/projects/install/openarm_hardware/share/ament_index/resource_index/package_run_dependencies/openarm_hardware
-- Symlinking: /root/projects/install/openarm_hardware/share/ament_index/resource_index/parent_prefix_path/openarm_hardware
-- Symlinking: /root/projects/install/openarm_hardware/share/openarm_hardware/environment/ament_prefix_path.sh
-- Symlinking: /root/projects/install/openarm_hardware/share/openarm_hardware/environment/ament_prefix_path.dsv
-- Symlinking: /root/projects/install/openarm_hardware/share/openarm_hardware/environment/path.sh
-- Symlinking: /root/projects/install/openarm_hardware/share/openarm_hardware/environment/path.dsv
-- Symlinking: /root/projects/install/openarm_hardware/share/openarm_hardware/local_setup.bash
-- Symlinking: /root/projects/install/openarm_hardware/share/openarm_hardware/local_setup.sh
-- Symlinking: /root/projects/install/openarm_hardware/share/openarm_hardware/local_setup.zsh
-- Symlinking: /root/projects/install/openarm_hardware/share/openarm_hardware/local_setup.dsv
-- Symlinking: /root/projects/install/openarm_hardware/share/openarm_hardware/package.dsv
-- Symlinking: /root/projects/install/openarm_hardware/share/ament_index/resource_index/packages/openarm_hardware
-- Symlinking: /root/projects/install/openarm_hardware/share/ament_index/resource_index/hardware_interface__pluginlib__plugin/openarm_hardware
-- Symlinking: /root/projects/install/openarm_hardware/share/openarm_hardware/cmake/ament_cmake_export_include_directories-extras.cmake
-- Symlinking: /root/projects/install/openarm_hardware/share/openarm_hardware/cmake/ament_cmake_export_libraries-extras.cmake
-- Symlinking: /root/projects/install/openarm_hardware/share/openarm_hardware/cmake/ament_cmake_export_dependencies-extras.cmake
-- Symlinking: /root/projects/install/openarm_hardware/share/openarm_hardware/cmake/openarm_hardwareConfig.cmake
-- Symlinking: /root/projects/install/openarm_hardware/share/openarm_hardware/cmake/openarm_hardwareConfig-version.cmake
-- Symlinking: /root/projects/install/openarm_hardware/share/openarm_hardware/package.xml
