[0.010s] Invoking command in '/root/projects/build/openarm_hardware': CMAKE_PREFIX_PATH=/root/projects/install/openarm_can:/root/projects/ros2_ws/install/realsense2_rviz_plugin:/root/projects/ros2_ws/install/openarm_bimanual_moveit_config:/root/projects/ros2_ws/install/openarm:/root/projects/ros2_ws/install/openarm_description:/root/projects/ros2_ws/install/realsense2_description:/root/projects/ros2_ws/install/realsense2_camera_msgs:/root/projects/ros2_ws/install/openarm_hardware:/root/projects/ros2_ws/install/openarm_can:/root/projects/ros2_ws/install/openarm_bringup:/root/projects/install/openarm_bringup:/root/projects/ros2_ws/install/realsense2_ros_mqtt_bridge:/opt/ros/humble PATH=/root/projects/install/openarm_can/bin:/root/projects/ros2_ws/install/openarm_can/bin:/opt/ros/humble/bin:/usr/local/sbin:/usr/local/bin:/usr/sbin:/usr/bin:/sbin:/bin PKG_CONFIG_PATH=/root/projects/install/openarm_can/lib/x86_64-linux-gnu/pkgconfig:/root/projects/install/openarm_can/lib/pkgconfig:/root/projects/ros2_ws/install/openarm_can/lib/x86_64-linux-gnu/pkgconfig:/root/projects/ros2_ws/install/openarm_can/lib/pkgconfig PROMPT_COMMAND=history -a; history -n; /usr/bin/cmake /root/projects/ros2_ws/src/openarm_ros2/openarm_hardware -DCMAKE_INSTALL_PREFIX=/root/projects/install/openarm_hardware
[0.019s] -- Found ament_cmake: 1.3.12 (/opt/ros/humble/share/ament_cmake/cmake)
[0.104s] -- Override CMake install command with custom implementation using symlinks instead of copying resources
[0.109s] -- Found hardware_interface: 2.53.1 (/opt/ros/humble/share/hardware_interface/cmake)
[0.153s] -- Found rosidl_generator_c: 3.1.8 (/opt/ros/humble/share/rosidl_generator_c/cmake)
[0.156s] -- Found rosidl_adapter: 3.1.8 (/opt/ros/humble/share/rosidl_adapter/cmake)
[0.163s] -- Found rosidl_generator_cpp: 3.1.8 (/opt/ros/humble/share/rosidl_generator_cpp/cmake)
[0.174s] -- Using all available rosidl_typesupport_c: rosidl_typesupport_fastrtps_c;rosidl_typesupport_introspection_c
[0.187s] -- Using all available rosidl_typesupport_cpp: rosidl_typesupport_fastrtps_cpp;rosidl_typesupport_introspection_cpp
[0.378s] -- Found rmw_implementation_cmake: 6.1.2 (/opt/ros/humble/share/rmw_implementation_cmake/cmake)
[0.380s] -- Found rmw_fastrtps_cpp: 6.2.9 (/opt/ros/humble/share/rmw_fastrtps_cpp/cmake)
[0.401s] -- Found TinyXML2 via Config file: TinyXML2_DIR-NOTFOUND
[0.413s] -- Found TinyXML2 via Config file: TinyXML2_DIR-NOTFOUND
[0.425s] -- Found TinyXML2 via Config file: TinyXML2_DIR-NOTFOUND
[0.431s] -- Found TinyXML2 via Config file: TinyXML2_DIR-NOTFOUND
[0.437s] -- Using RMW implementation 'rmw_fastrtps_cpp' as default
[0.523s] -- Configuring done
[0.537s] -- Generating done
[0.540s] -- Build files have been written to: /root/projects/build/openarm_hardware
[0.547s] Invoked command in '/root/projects/build/openarm_hardware' returned '0': CMAKE_PREFIX_PATH=/root/projects/install/openarm_can:/root/projects/ros2_ws/install/realsense2_rviz_plugin:/root/projects/ros2_ws/install/openarm_bimanual_moveit_config:/root/projects/ros2_ws/install/openarm:/root/projects/ros2_ws/install/openarm_description:/root/projects/ros2_ws/install/realsense2_description:/root/projects/ros2_ws/install/realsense2_camera_msgs:/root/projects/ros2_ws/install/openarm_hardware:/root/projects/ros2_ws/install/openarm_can:/root/projects/ros2_ws/install/openarm_bringup:/root/projects/install/openarm_bringup:/root/projects/ros2_ws/install/realsense2_ros_mqtt_bridge:/opt/ros/humble PATH=/root/projects/install/openarm_can/bin:/root/projects/ros2_ws/install/openarm_can/bin:/opt/ros/humble/bin:/usr/local/sbin:/usr/local/bin:/usr/sbin:/usr/bin:/sbin:/bin PKG_CONFIG_PATH=/root/projects/install/openarm_can/lib/x86_64-linux-gnu/pkgconfig:/root/projects/install/openarm_can/lib/pkgconfig:/root/projects/ros2_ws/install/openarm_can/lib/x86_64-linux-gnu/pkgconfig:/root/projects/ros2_ws/install/openarm_can/lib/pkgconfig PROMPT_COMMAND=history -a; history -n; /usr/bin/cmake /root/projects/ros2_ws/src/openarm_ros2/openarm_hardware -DCMAKE_INSTALL_PREFIX=/root/projects/install/openarm_hardware
[0.547s] Invoking command in '/root/projects/build/openarm_hardware': CMAKE_PREFIX_PATH=/root/projects/install/openarm_can:/root/projects/ros2_ws/install/realsense2_rviz_plugin:/root/projects/ros2_ws/install/openarm_bimanual_moveit_config:/root/projects/ros2_ws/install/openarm:/root/projects/ros2_ws/install/openarm_description:/root/projects/ros2_ws/install/realsense2_description:/root/projects/ros2_ws/install/realsense2_camera_msgs:/root/projects/ros2_ws/install/openarm_hardware:/root/projects/ros2_ws/install/openarm_can:/root/projects/ros2_ws/install/openarm_bringup:/root/projects/install/openarm_bringup:/root/projects/ros2_ws/install/realsense2_ros_mqtt_bridge:/opt/ros/humble PATH=/root/projects/install/openarm_can/bin:/root/projects/ros2_ws/install/openarm_can/bin:/opt/ros/humble/bin:/usr/local/sbin:/usr/local/bin:/usr/sbin:/usr/bin:/sbin:/bin PKG_CONFIG_PATH=/root/projects/install/openarm_can/lib/x86_64-linux-gnu/pkgconfig:/root/projects/install/openarm_can/lib/pkgconfig:/root/projects/ros2_ws/install/openarm_can/lib/x86_64-linux-gnu/pkgconfig:/root/projects/ros2_ws/install/openarm_can/lib/pkgconfig PROMPT_COMMAND=history -a; history -n; /usr/bin/cmake --build /root/projects/build/openarm_hardware -- -j10 -l10
[0.576s] [35m[1mConsolidate compiler generated dependencies of target openarm_hardware[0m
[0.588s] [100%] Built target openarm_hardware
[0.596s] Invoked command in '/root/projects/build/openarm_hardware' returned '0': CMAKE_PREFIX_PATH=/root/projects/install/openarm_can:/root/projects/ros2_ws/install/realsense2_rviz_plugin:/root/projects/ros2_ws/install/openarm_bimanual_moveit_config:/root/projects/ros2_ws/install/openarm:/root/projects/ros2_ws/install/openarm_description:/root/projects/ros2_ws/install/realsense2_description:/root/projects/ros2_ws/install/realsense2_camera_msgs:/root/projects/ros2_ws/install/openarm_hardware:/root/projects/ros2_ws/install/openarm_can:/root/projects/ros2_ws/install/openarm_bringup:/root/projects/install/openarm_bringup:/root/projects/ros2_ws/install/realsense2_ros_mqtt_bridge:/opt/ros/humble PATH=/root/projects/install/openarm_can/bin:/root/projects/ros2_ws/install/openarm_can/bin:/opt/ros/humble/bin:/usr/local/sbin:/usr/local/bin:/usr/sbin:/usr/bin:/sbin:/bin PKG_CONFIG_PATH=/root/projects/install/openarm_can/lib/x86_64-linux-gnu/pkgconfig:/root/projects/install/openarm_can/lib/pkgconfig:/root/projects/ros2_ws/install/openarm_can/lib/x86_64-linux-gnu/pkgconfig:/root/projects/ros2_ws/install/openarm_can/lib/pkgconfig PROMPT_COMMAND=history -a; history -n; /usr/bin/cmake --build /root/projects/build/openarm_hardware -- -j10 -l10
[0.598s] Invoking command in '/root/projects/build/openarm_hardware': CMAKE_PREFIX_PATH=/root/projects/install/openarm_can:/root/projects/ros2_ws/install/realsense2_rviz_plugin:/root/projects/ros2_ws/install/openarm_bimanual_moveit_config:/root/projects/ros2_ws/install/openarm:/root/projects/ros2_ws/install/openarm_description:/root/projects/ros2_ws/install/realsense2_description:/root/projects/ros2_ws/install/realsense2_camera_msgs:/root/projects/ros2_ws/install/openarm_hardware:/root/projects/ros2_ws/install/openarm_can:/root/projects/ros2_ws/install/openarm_bringup:/root/projects/install/openarm_bringup:/root/projects/ros2_ws/install/realsense2_ros_mqtt_bridge:/opt/ros/humble PATH=/root/projects/install/openarm_can/bin:/root/projects/ros2_ws/install/openarm_can/bin:/opt/ros/humble/bin:/usr/local/sbin:/usr/local/bin:/usr/sbin:/usr/bin:/sbin:/bin PKG_CONFIG_PATH=/root/projects/install/openarm_can/lib/x86_64-linux-gnu/pkgconfig:/root/projects/install/openarm_can/lib/pkgconfig:/root/projects/ros2_ws/install/openarm_can/lib/x86_64-linux-gnu/pkgconfig:/root/projects/ros2_ws/install/openarm_can/lib/pkgconfig PROMPT_COMMAND=history -a; history -n; /usr/bin/cmake --install /root/projects/build/openarm_hardware
[0.602s] -- Install configuration: ""
[0.603s] -- Execute custom install script
[0.603s] -- Symlinking: /root/projects/install/openarm_hardware/share/openarm_hardware//openarm_hardware.xml
[0.610s] -- Symlinking: /root/projects/install/openarm_hardware/lib/libopenarm_hardware.so
[0.618s] -- Symlinking: /root/projects/install/openarm_hardware/include/openarm_hardware/v10_simple_hardware.hpp
[0.625s] -- Symlinking: /root/projects/install/openarm_hardware/include/openarm_hardware/visibility_control.h
[0.631s] -- Symlinking: /root/projects/install/openarm_hardware/share/openarm_hardware/environment/library_path.sh
[0.637s] -- Symlinking: /root/projects/install/openarm_hardware/share/openarm_hardware/environment/library_path.dsv
[0.644s] -- Symlinking: /root/projects/install/openarm_hardware/share/ament_index/resource_index/package_run_dependencies/openarm_hardware
[0.650s] -- Symlinking: /root/projects/install/openarm_hardware/share/ament_index/resource_index/parent_prefix_path/openarm_hardware
[0.655s] -- Symlinking: /root/projects/install/openarm_hardware/share/openarm_hardware/environment/ament_prefix_path.sh
[0.661s] -- Symlinking: /root/projects/install/openarm_hardware/share/openarm_hardware/environment/ament_prefix_path.dsv
[0.668s] -- Symlinking: /root/projects/install/openarm_hardware/share/openarm_hardware/environment/path.sh
[0.674s] -- Symlinking: /root/projects/install/openarm_hardware/share/openarm_hardware/environment/path.dsv
[0.679s] -- Symlinking: /root/projects/install/openarm_hardware/share/openarm_hardware/local_setup.bash
[0.686s] -- Symlinking: /root/projects/install/openarm_hardware/share/openarm_hardware/local_setup.sh
[0.693s] -- Symlinking: /root/projects/install/openarm_hardware/share/openarm_hardware/local_setup.zsh
[0.699s] -- Symlinking: /root/projects/install/openarm_hardware/share/openarm_hardware/local_setup.dsv
[0.705s] -- Symlinking: /root/projects/install/openarm_hardware/share/openarm_hardware/package.dsv
[0.712s] -- Symlinking: /root/projects/install/openarm_hardware/share/ament_index/resource_index/packages/openarm_hardware
[0.718s] -- Symlinking: /root/projects/install/openarm_hardware/share/ament_index/resource_index/hardware_interface__pluginlib__plugin/openarm_hardware
[0.725s] -- Symlinking: /root/projects/install/openarm_hardware/share/openarm_hardware/cmake/ament_cmake_export_include_directories-extras.cmake
[0.731s] -- Symlinking: /root/projects/install/openarm_hardware/share/openarm_hardware/cmake/ament_cmake_export_libraries-extras.cmake
[0.737s] -- Symlinking: /root/projects/install/openarm_hardware/share/openarm_hardware/cmake/ament_cmake_export_dependencies-extras.cmake
[0.742s] -- Symlinking: /root/projects/install/openarm_hardware/share/openarm_hardware/cmake/openarm_hardwareConfig.cmake
[0.749s] -- Symlinking: /root/projects/install/openarm_hardware/share/openarm_hardware/cmake/openarm_hardwareConfig-version.cmake
[0.755s] -- Symlinking: /root/projects/install/openarm_hardware/share/openarm_hardware/package.xml
[0.763s] Invoked command in '/root/projects/build/openarm_hardware' returned '0': CMAKE_PREFIX_PATH=/root/projects/install/openarm_can:/root/projects/ros2_ws/install/realsense2_rviz_plugin:/root/projects/ros2_ws/install/openarm_bimanual_moveit_config:/root/projects/ros2_ws/install/openarm:/root/projects/ros2_ws/install/openarm_description:/root/projects/ros2_ws/install/realsense2_description:/root/projects/ros2_ws/install/realsense2_camera_msgs:/root/projects/ros2_ws/install/openarm_hardware:/root/projects/ros2_ws/install/openarm_can:/root/projects/ros2_ws/install/openarm_bringup:/root/projects/install/openarm_bringup:/root/projects/ros2_ws/install/realsense2_ros_mqtt_bridge:/opt/ros/humble PATH=/root/projects/install/openarm_can/bin:/root/projects/ros2_ws/install/openarm_can/bin:/opt/ros/humble/bin:/usr/local/sbin:/usr/local/bin:/usr/sbin:/usr/bin:/sbin:/bin PKG_CONFIG_PATH=/root/projects/install/openarm_can/lib/x86_64-linux-gnu/pkgconfig:/root/projects/install/openarm_can/lib/pkgconfig:/root/projects/ros2_ws/install/openarm_can/lib/x86_64-linux-gnu/pkgconfig:/root/projects/ros2_ws/install/openarm_can/lib/pkgconfig PROMPT_COMMAND=history -a; history -n; /usr/bin/cmake --install /root/projects/build/openarm_hardware
