[0.412s] Invoking command in '/root/projects/realsense-ros/realsense2_ros_mqtt_bridge': PROMPT_COMMAND=history -a; history -n; PYTHONPATH=/root/projects/build/realsense2_ros_mqtt_bridge/prefix_override:/usr/lib/python3/dist-packages/colcon_core/task/python/colcon_distutils_commands:/root/projects/install/realsense2_ros_mqtt_bridge/lib/python3.10/site-packages:${PYTHONPATH} /usr/bin/python3 -W ignore:setup.py install is deprecated -W ignore:easy_install command is deprecated setup.py egg_info --egg-base ../../build/realsense2_ros_mqtt_bridge build --build-base /root/projects/build/realsense2_ros_mqtt_bridge/build install --record /root/projects/build/realsense2_ros_mqtt_bridge/install.log --single-version-externally-managed install_data
[0.500s] /usr/local/lib/python3.10/dist-packages/setuptools/_distutils/dist.py:287: UserWarning: Unknown distribution option: 'tests_require'
[0.500s]   warnings.warn(msg)
[0.536s] running egg_info
[0.543s] creating ../../build/realsense2_ros_mqtt_bridge/realsense2_ros_mqtt_bridge.egg-info
[0.543s] writing ../../build/realsense2_ros_mqtt_bridge/realsense2_ros_mqtt_bridge.egg-info/PKG-INFO
[0.543s] writing dependency_links to ../../build/realsense2_ros_mqtt_bridge/realsense2_ros_mqtt_bridge.egg-info/dependency_links.txt
[0.543s] writing entry points to ../../build/realsense2_ros_mqtt_bridge/realsense2_ros_mqtt_bridge.egg-info/entry_points.txt
[0.543s] writing requirements to ../../build/realsense2_ros_mqtt_bridge/realsense2_ros_mqtt_bridge.egg-info/requires.txt
[0.544s] writing top-level names to ../../build/realsense2_ros_mqtt_bridge/realsense2_ros_mqtt_bridge.egg-info/top_level.txt
[0.544s] writing manifest file '../../build/realsense2_ros_mqtt_bridge/realsense2_ros_mqtt_bridge.egg-info/SOURCES.txt'
[0.558s] reading manifest file '../../build/realsense2_ros_mqtt_bridge/realsense2_ros_mqtt_bridge.egg-info/SOURCES.txt'
[0.559s] writing manifest file '../../build/realsense2_ros_mqtt_bridge/realsense2_ros_mqtt_bridge.egg-info/SOURCES.txt'
[0.559s] running build
[0.559s] running build_py
[0.559s] creating /root/projects/build/realsense2_ros_mqtt_bridge/build/lib/src
[0.560s] copying src/hwm_command_handler.py -> /root/projects/build/realsense2_ros_mqtt_bridge/build/lib/src
[0.560s] copying src/service_handler.py -> /root/projects/build/realsense2_ros_mqtt_bridge/build/lib/src
[0.560s] copying src/hw_reset_handler.py -> /root/projects/build/realsense2_ros_mqtt_bridge/build/lib/src
[0.560s] copying src/frame_handler.py -> /root/projects/build/realsense2_ros_mqtt_bridge/build/lib/src
[0.560s] copying src/device_handler.py -> /root/projects/build/realsense2_ros_mqtt_bridge/build/lib/src
[0.560s] copying src/mqtt_bridge_node.py -> /root/projects/build/realsense2_ros_mqtt_bridge/build/lib/src
[0.560s] copying src/safety_interface_config_handler.py -> /root/projects/build/realsense2_ros_mqtt_bridge/build/lib/src
[0.560s] copying src/triggered_calibration_handler.py -> /root/projects/build/realsense2_ros_mqtt_bridge/build/lib/src
[0.560s] copying src/application_config_handler.py -> /root/projects/build/realsense2_ros_mqtt_bridge/build/lib/src
[0.560s] copying src/__init__.py -> /root/projects/build/realsense2_ros_mqtt_bridge/build/lib/src
[0.560s] copying src/parameter_handler.py -> /root/projects/build/realsense2_ros_mqtt_bridge/build/lib/src
[0.560s] copying src/safety_preset_handler.py -> /root/projects/build/realsense2_ros_mqtt_bridge/build/lib/src
[0.561s] copying src/transformation_handler.py -> /root/projects/build/realsense2_ros_mqtt_bridge/build/lib/src
[0.561s] copying src/calib_config_handler.py -> /root/projects/build/realsense2_ros_mqtt_bridge/build/lib/src
[0.561s] copying src/entry_point.py -> /root/projects/build/realsense2_ros_mqtt_bridge/build/lib/src
[0.561s] running install
[0.563s] running install_lib
[0.570s] running install_data
[0.570s] copying resource/realsense2_ros_mqtt_bridge -> /root/projects/install/realsense2_ros_mqtt_bridge/share/ament_index/resource_index/packages
[0.571s] copying package.xml -> /root/projects/install/realsense2_ros_mqtt_bridge/share/realsense2_ros_mqtt_bridge
[0.571s] copying launch/rs_launch.py -> /root/projects/install/realsense2_ros_mqtt_bridge/share/realsense2_ros_mqtt_bridge/launch
[0.571s] running install_egg_info
[0.580s] removing '/root/projects/install/realsense2_ros_mqtt_bridge/lib/python3.10/site-packages/realsense2_ros_mqtt_bridge-4.57.0-py3.10.egg-info' (and everything under it)
[0.580s] Copying ../../build/realsense2_ros_mqtt_bridge/realsense2_ros_mqtt_bridge.egg-info to /root/projects/install/realsense2_ros_mqtt_bridge/lib/python3.10/site-packages/realsense2_ros_mqtt_bridge-4.57.0-py3.10.egg-info
[0.581s] running install_scripts
[0.596s] Installing realsense2_ros_mqtt_bridge script to /root/projects/install/realsense2_ros_mqtt_bridge/lib/realsense2_ros_mqtt_bridge
[0.596s] writing list of installed files to '/root/projects/build/realsense2_ros_mqtt_bridge/install.log'
[0.611s] Invoked command in '/root/projects/realsense-ros/realsense2_ros_mqtt_bridge' returned '0': PROMPT_COMMAND=history -a; history -n; PYTHONPATH=/root/projects/build/realsense2_ros_mqtt_bridge/prefix_override:/usr/lib/python3/dist-packages/colcon_core/task/python/colcon_distutils_commands:/root/projects/install/realsense2_ros_mqtt_bridge/lib/python3.10/site-packages:${PYTHONPATH} /usr/bin/python3 -W ignore:setup.py install is deprecated -W ignore:easy_install command is deprecated setup.py egg_info --egg-base ../../build/realsense2_ros_mqtt_bridge build --build-base /root/projects/build/realsense2_ros_mqtt_bridge/build install --record /root/projects/build/realsense2_ros_mqtt_bridge/install.log --single-version-externally-managed install_data
