[0.012s] Invoking command in '/root/projects/build/realsense2_description': AMENT_PREFIX_PATH=/root/projects/install/realsense2_camera_msgs:${AMENT_PREFIX_PATH} CMAKE_PREFIX_PATH=/root/projects/install/realsense2_camera_msgs:/root/projects/ros2_ws/install/realsense2_rviz_plugin:/root/projects/ros2_ws/install/openarm_bimanual_moveit_config:/root/projects/ros2_ws/install/openarm:/root/projects/ros2_ws/install/openarm_description:/root/projects/ros2_ws/install/realsense2_description:/root/projects/ros2_ws/install/realsense2_camera_msgs:/root/projects/ros2_ws/install/openarm_hardware:/root/projects/ros2_ws/install/openarm_can:/root/projects/ros2_ws/install/openarm_bringup:/root/projects/install/openarm_can:/root/projects/install/openarm_bringup:/root/projects/ros2_ws/install/realsense2_ros_mqtt_bridge:/opt/ros/humble LD_LIBRARY_PATH=/root/projects/install/realsense2_camera_msgs/lib:${LD_LIBRARY_PATH} PROMPT_COMMAND=history -a; history -n; PYTHONPATH=/root/projects/install/realsense2_camera_msgs/local/lib/python3.10/dist-packages:${PYTHONPATH} /usr/bin/cmake /root/projects/ros2_ws/src/realsense-ros/realsense2_description -DCMAKE_INSTALL_PREFIX=/root/projects/install/realsense2_description
[0.050s] -- The C compiler identification is GNU 11.4.0
[0.083s] -- The CXX compiler identification is GNU 11.4.0
[0.087s] -- Detecting C compiler ABI info
[0.132s] -- Detecting C compiler ABI info - done
[0.136s] -- Check for working C compiler: /usr/bin/cc - skipped
[0.136s] -- Detecting C compile features
[0.136s] -- Detecting C compile features - done
[0.138s] -- Detecting CXX compiler ABI info
[0.188s] -- Detecting CXX compiler ABI info - done
[0.193s] -- Check for working CXX compiler: /usr/bin/c++ - skipped
[0.193s] -- Detecting CXX compile features
[0.193s] -- Detecting CXX compile features - done
[0.196s] -- Found ament_cmake: 1.3.12 (/opt/ros/humble/share/ament_cmake/cmake)
[0.430s] -- Found Python3: /usr/bin/python3 (found version "3.10.12") found components: Interpreter 
[0.537s] -- Configuring done
[0.539s] -- Generating done
[0.541s] -- Build files have been written to: /root/projects/build/realsense2_description
[0.544s] Invoked command in '/root/projects/build/realsense2_description' returned '0': AMENT_PREFIX_PATH=/root/projects/install/realsense2_camera_msgs:${AMENT_PREFIX_PATH} CMAKE_PREFIX_PATH=/root/projects/install/realsense2_camera_msgs:/root/projects/ros2_ws/install/realsense2_rviz_plugin:/root/projects/ros2_ws/install/openarm_bimanual_moveit_config:/root/projects/ros2_ws/install/openarm:/root/projects/ros2_ws/install/openarm_description:/root/projects/ros2_ws/install/realsense2_description:/root/projects/ros2_ws/install/realsense2_camera_msgs:/root/projects/ros2_ws/install/openarm_hardware:/root/projects/ros2_ws/install/openarm_can:/root/projects/ros2_ws/install/openarm_bringup:/root/projects/install/openarm_can:/root/projects/install/openarm_bringup:/root/projects/ros2_ws/install/realsense2_ros_mqtt_bridge:/opt/ros/humble LD_LIBRARY_PATH=/root/projects/install/realsense2_camera_msgs/lib:${LD_LIBRARY_PATH} PROMPT_COMMAND=history -a; history -n; PYTHONPATH=/root/projects/install/realsense2_camera_msgs/local/lib/python3.10/dist-packages:${PYTHONPATH} /usr/bin/cmake /root/projects/ros2_ws/src/realsense-ros/realsense2_description -DCMAKE_INSTALL_PREFIX=/root/projects/install/realsense2_description
[0.545s] Invoking command in '/root/projects/build/realsense2_description': AMENT_PREFIX_PATH=/root/projects/install/realsense2_camera_msgs:${AMENT_PREFIX_PATH} CMAKE_PREFIX_PATH=/root/projects/install/realsense2_camera_msgs:/root/projects/ros2_ws/install/realsense2_rviz_plugin:/root/projects/ros2_ws/install/openarm_bimanual_moveit_config:/root/projects/ros2_ws/install/openarm:/root/projects/ros2_ws/install/openarm_description:/root/projects/ros2_ws/install/realsense2_description:/root/projects/ros2_ws/install/realsense2_camera_msgs:/root/projects/ros2_ws/install/openarm_hardware:/root/projects/ros2_ws/install/openarm_can:/root/projects/ros2_ws/install/openarm_bringup:/root/projects/install/openarm_can:/root/projects/install/openarm_bringup:/root/projects/ros2_ws/install/realsense2_ros_mqtt_bridge:/opt/ros/humble LD_LIBRARY_PATH=/root/projects/install/realsense2_camera_msgs/lib:${LD_LIBRARY_PATH} PROMPT_COMMAND=history -a; history -n; PYTHONPATH=/root/projects/install/realsense2_camera_msgs/local/lib/python3.10/dist-packages:${PYTHONPATH} /usr/bin/cmake --build /root/projects/build/realsense2_description -- -j10 -l10
[0.569s] Invoked command in '/root/projects/build/realsense2_description' returned '0': AMENT_PREFIX_PATH=/root/projects/install/realsense2_camera_msgs:${AMENT_PREFIX_PATH} CMAKE_PREFIX_PATH=/root/projects/install/realsense2_camera_msgs:/root/projects/ros2_ws/install/realsense2_rviz_plugin:/root/projects/ros2_ws/install/openarm_bimanual_moveit_config:/root/projects/ros2_ws/install/openarm:/root/projects/ros2_ws/install/openarm_description:/root/projects/ros2_ws/install/realsense2_description:/root/projects/ros2_ws/install/realsense2_camera_msgs:/root/projects/ros2_ws/install/openarm_hardware:/root/projects/ros2_ws/install/openarm_can:/root/projects/ros2_ws/install/openarm_bringup:/root/projects/install/openarm_can:/root/projects/install/openarm_bringup:/root/projects/ros2_ws/install/realsense2_ros_mqtt_bridge:/opt/ros/humble LD_LIBRARY_PATH=/root/projects/install/realsense2_camera_msgs/lib:${LD_LIBRARY_PATH} PROMPT_COMMAND=history -a; history -n; PYTHONPATH=/root/projects/install/realsense2_camera_msgs/local/lib/python3.10/dist-packages:${PYTHONPATH} /usr/bin/cmake --build /root/projects/build/realsense2_description -- -j10 -l10
[0.570s] Invoking command in '/root/projects/build/realsense2_description': AMENT_PREFIX_PATH=/root/projects/install/realsense2_camera_msgs:${AMENT_PREFIX_PATH} CMAKE_PREFIX_PATH=/root/projects/install/realsense2_camera_msgs:/root/projects/ros2_ws/install/realsense2_rviz_plugin:/root/projects/ros2_ws/install/openarm_bimanual_moveit_config:/root/projects/ros2_ws/install/openarm:/root/projects/ros2_ws/install/openarm_description:/root/projects/ros2_ws/install/realsense2_description:/root/projects/ros2_ws/install/realsense2_camera_msgs:/root/projects/ros2_ws/install/openarm_hardware:/root/projects/ros2_ws/install/openarm_can:/root/projects/ros2_ws/install/openarm_bringup:/root/projects/install/openarm_can:/root/projects/install/openarm_bringup:/root/projects/ros2_ws/install/realsense2_ros_mqtt_bridge:/opt/ros/humble LD_LIBRARY_PATH=/root/projects/install/realsense2_camera_msgs/lib:${LD_LIBRARY_PATH} PROMPT_COMMAND=history -a; history -n; PYTHONPATH=/root/projects/install/realsense2_camera_msgs/local/lib/python3.10/dist-packages:${PYTHONPATH} /usr/bin/cmake --install /root/projects/build/realsense2_description
[0.575s] -- Install configuration: ""
[0.576s] -- Installing: /root/projects/install/realsense2_description/share/realsense2_description/launch
[0.576s] -- Installing: /root/projects/install/realsense2_description/share/realsense2_description/launch/launch_utils.py
[0.577s] -- Installing: /root/projects/install/realsense2_description/share/realsense2_description/launch/view_model.launch.py
[0.577s] -- Installing: /root/projects/install/realsense2_description/share/realsense2_description/meshes
[0.578s] -- Installing: /root/projects/install/realsense2_description/share/realsense2_description/meshes/l515.dae
[0.623s] -- Installing: /root/projects/install/realsense2_description/share/realsense2_description/meshes/d405.stl
[0.623s] -- Installing: /root/projects/install/realsense2_description/share/realsense2_description/meshes/d436.dae
[0.644s] -- Installing: /root/projects/install/realsense2_description/share/realsense2_description/meshes/plug_collision.stl
[0.644s] -- Installing: /root/projects/install/realsense2_description/share/realsense2_description/meshes/d585.stl
[0.654s] -- Installing: /root/projects/install/realsense2_description/share/realsense2_description/meshes/d415.stl
[0.682s] -- Installing: /root/projects/install/realsense2_description/share/realsense2_description/meshes/d435.dae
[0.704s] -- Installing: /root/projects/install/realsense2_description/share/realsense2_description/meshes/d455.stl
[0.708s] -- Installing: /root/projects/install/realsense2_description/share/realsense2_description/meshes/plug.stl
[0.709s] -- Installing: /root/projects/install/realsense2_description/share/realsense2_description/rviz
[0.710s] -- Installing: /root/projects/install/realsense2_description/share/realsense2_description/rviz/urdf.rviz
[0.710s] -- Installing: /root/projects/install/realsense2_description/share/realsense2_description/urdf
[0.711s] -- Installing: /root/projects/install/realsense2_description/share/realsense2_description/urdf/test_d435_camera.urdf.xacro
[0.711s] -- Installing: /root/projects/install/realsense2_description/share/realsense2_description/urdf/test_d415_camera.urdf.xacro
[0.711s] -- Installing: /root/projects/install/realsense2_description/share/realsense2_description/urdf/_d435i_imu_modules.urdf.xacro
[0.711s] -- Installing: /root/projects/install/realsense2_description/share/realsense2_description/urdf/_usb_plug.urdf.xacro
[0.712s] -- Installing: /root/projects/install/realsense2_description/share/realsense2_description/urdf/_r410.urdf.xacro
[0.712s] -- Installing: /root/projects/install/realsense2_description/share/realsense2_description/urdf/_materials.urdf.xacro
[0.712s] -- Installing: /root/projects/install/realsense2_description/share/realsense2_description/urdf/_r430.urdf.xacro
[0.713s] -- Installing: /root/projects/install/realsense2_description/share/realsense2_description/urdf/test_d435i_camera.urdf.xacro
[0.713s] -- Installing: /root/projects/install/realsense2_description/share/realsense2_description/urdf/test_d405_camera.urdf.xacro
[0.713s] -- Installing: /root/projects/install/realsense2_description/share/realsense2_description/urdf/_d435i.urdf.xacro
[0.713s] -- Installing: /root/projects/install/realsense2_description/share/realsense2_description/urdf/_d415.urdf.xacro
[0.714s] -- Installing: /root/projects/install/realsense2_description/share/realsense2_description/urdf/test_d585_camera.urdf.xacro
[0.714s] -- Installing: /root/projects/install/realsense2_description/share/realsense2_description/urdf/test_d435_multiple_cameras.urdf.xacro
[0.715s] -- Installing: /root/projects/install/realsense2_description/share/realsense2_description/urdf/_d405.urdf.xacro
[0.715s] -- Installing: /root/projects/install/realsense2_description/share/realsense2_description/urdf/_d435.urdf.xacro
[0.715s] -- Installing: /root/projects/install/realsense2_description/share/realsense2_description/urdf/test_d455_camera.urdf.xacro
[0.715s] -- Installing: /root/projects/install/realsense2_description/share/realsense2_description/urdf/_d455.urdf.xacro
[0.716s] -- Installing: /root/projects/install/realsense2_description/share/realsense2_description/urdf/test_r410_camera.urdf.xacro
[0.716s] -- Installing: /root/projects/install/realsense2_description/share/realsense2_description/urdf/_d436.urdf.xacro
[0.716s] -- Installing: /root/projects/install/realsense2_description/share/realsense2_description/urdf/test_d436_camera.urdf.xacro
[0.716s] -- Installing: /root/projects/install/realsense2_description/share/realsense2_description/urdf/test_r430_camera.urdf.xacro
[0.716s] -- Installing: /root/projects/install/realsense2_description/share/realsense2_description/urdf/_d585.urdf.xacro
[0.717s] -- Installing: /root/projects/install/realsense2_description/share/ament_index/resource_index/package_run_dependencies/realsense2_description
[0.717s] -- Installing: /root/projects/install/realsense2_description/share/ament_index/resource_index/parent_prefix_path/realsense2_description
[0.717s] -- Installing: /root/projects/install/realsense2_description/share/realsense2_description/environment/ament_prefix_path.sh
[0.718s] -- Installing: /root/projects/install/realsense2_description/share/realsense2_description/environment/ament_prefix_path.dsv
[0.718s] -- Installing: /root/projects/install/realsense2_description/share/realsense2_description/environment/path.sh
[0.718s] -- Installing: /root/projects/install/realsense2_description/share/realsense2_description/environment/path.dsv
[0.718s] -- Installing: /root/projects/install/realsense2_description/share/realsense2_description/local_setup.bash
[0.718s] -- Installing: /root/projects/install/realsense2_description/share/realsense2_description/local_setup.sh
[0.718s] -- Installing: /root/projects/install/realsense2_description/share/realsense2_description/local_setup.zsh
[0.718s] -- Installing: /root/projects/install/realsense2_description/share/realsense2_description/local_setup.dsv
[0.718s] -- Installing: /root/projects/install/realsense2_description/share/realsense2_description/package.dsv
[0.718s] -- Installing: /root/projects/install/realsense2_description/share/ament_index/resource_index/packages/realsense2_description
[0.718s] -- Installing: /root/projects/install/realsense2_description/share/realsense2_description/cmake/realsense2_descriptionConfig.cmake
[0.718s] -- Installing: /root/projects/install/realsense2_description/share/realsense2_description/cmake/realsense2_descriptionConfig-version.cmake
[0.718s] -- Installing: /root/projects/install/realsense2_description/share/realsense2_description/package.xml
[0.720s] Invoked command in '/root/projects/build/realsense2_description' returned '0': AMENT_PREFIX_PATH=/root/projects/install/realsense2_camera_msgs:${AMENT_PREFIX_PATH} CMAKE_PREFIX_PATH=/root/projects/install/realsense2_camera_msgs:/root/projects/ros2_ws/install/realsense2_rviz_plugin:/root/projects/ros2_ws/install/openarm_bimanual_moveit_config:/root/projects/ros2_ws/install/openarm:/root/projects/ros2_ws/install/openarm_description:/root/projects/ros2_ws/install/realsense2_description:/root/projects/ros2_ws/install/realsense2_camera_msgs:/root/projects/ros2_ws/install/openarm_hardware:/root/projects/ros2_ws/install/openarm_can:/root/projects/ros2_ws/install/openarm_bringup:/root/projects/install/openarm_can:/root/projects/install/openarm_bringup:/root/projects/ros2_ws/install/realsense2_ros_mqtt_bridge:/opt/ros/humble LD_LIBRARY_PATH=/root/projects/install/realsense2_camera_msgs/lib:${LD_LIBRARY_PATH} PROMPT_COMMAND=history -a; history -n; PYTHONPATH=/root/projects/install/realsense2_camera_msgs/local/lib/python3.10/dist-packages:${PYTHONPATH} /usr/bin/cmake --install /root/projects/build/realsense2_description
