[0.491s] Invoking command in '/root/projects/ros2_ws/src/realsense-ros/realsense2_ros_mqtt_bridge': PROMPT_COMMAND=history -a; history -n; PYTHONPATH=/root/projects/build/realsense2_ros_mqtt_bridge/prefix_override:/usr/lib/python3/dist-packages/colcon_core/task/python/colcon_distutils_commands:/root/projects/install/realsense2_ros_mqtt_bridge/lib/python3.10/site-packages:${PYTHONPATH} /usr/bin/python3 -W ignore:setup.py install is deprecated -W ignore:easy_install command is deprecated setup.py egg_info --egg-base ../../../../build/realsense2_ros_mqtt_bridge build --build-base /root/projects/build/realsense2_ros_mqtt_bridge/build install --record /root/projects/build/realsense2_ros_mqtt_bridge/install.log --single-version-externally-managed install_data
[0.578s] /usr/local/lib/python3.10/dist-packages/setuptools/_distutils/dist.py:287: UserWarning: Unknown distribution option: 'tests_require'
[0.578s]   warnings.warn(msg)
[0.619s] running egg_info
[0.626s] creating ../../../../build/realsense2_ros_mqtt_bridge/realsense2_ros_mqtt_bridge.egg-info
[0.626s] writing ../../../../build/realsense2_ros_mqtt_bridge/realsense2_ros_mqtt_bridge.egg-info/PKG-INFO
[0.627s] writing dependency_links to ../../../../build/realsense2_ros_mqtt_bridge/realsense2_ros_mqtt_bridge.egg-info/dependency_links.txt
[0.627s] writing entry points to ../../../../build/realsense2_ros_mqtt_bridge/realsense2_ros_mqtt_bridge.egg-info/entry_points.txt
[0.627s] writing requirements to ../../../../build/realsense2_ros_mqtt_bridge/realsense2_ros_mqtt_bridge.egg-info/requires.txt
[0.627s] writing top-level names to ../../../../build/realsense2_ros_mqtt_bridge/realsense2_ros_mqtt_bridge.egg-info/top_level.txt
[0.627s] writing manifest file '../../../../build/realsense2_ros_mqtt_bridge/realsense2_ros_mqtt_bridge.egg-info/SOURCES.txt'
[0.642s] reading manifest file '../../../../build/realsense2_ros_mqtt_bridge/realsense2_ros_mqtt_bridge.egg-info/SOURCES.txt'
[0.642s] writing manifest file '../../../../build/realsense2_ros_mqtt_bridge/realsense2_ros_mqtt_bridge.egg-info/SOURCES.txt'
[0.642s] running build
[0.642s] running build_py
[0.642s] creating /root/projects/build/realsense2_ros_mqtt_bridge/build/lib/src
[0.643s] copying src/hwm_command_handler.py -> /root/projects/build/realsense2_ros_mqtt_bridge/build/lib/src
[0.643s] copying src/service_handler.py -> /root/projects/build/realsense2_ros_mqtt_bridge/build/lib/src
[0.644s] copying src/hw_reset_handler.py -> /root/projects/build/realsense2_ros_mqtt_bridge/build/lib/src
[0.644s] copying src/frame_handler.py -> /root/projects/build/realsense2_ros_mqtt_bridge/build/lib/src
[0.644s] copying src/device_handler.py -> /root/projects/build/realsense2_ros_mqtt_bridge/build/lib/src
[0.644s] copying src/mqtt_bridge_node.py -> /root/projects/build/realsense2_ros_mqtt_bridge/build/lib/src
[0.645s] copying src/safety_interface_config_handler.py -> /root/projects/build/realsense2_ros_mqtt_bridge/build/lib/src
[0.645s] copying src/triggered_calibration_handler.py -> /root/projects/build/realsense2_ros_mqtt_bridge/build/lib/src
[0.645s] copying src/application_config_handler.py -> /root/projects/build/realsense2_ros_mqtt_bridge/build/lib/src
[0.646s] copying src/__init__.py -> /root/projects/build/realsense2_ros_mqtt_bridge/build/lib/src
[0.646s] copying src/parameter_handler.py -> /root/projects/build/realsense2_ros_mqtt_bridge/build/lib/src
[0.646s] copying src/safety_preset_handler.py -> /root/projects/build/realsense2_ros_mqtt_bridge/build/lib/src
[0.646s] copying src/transformation_handler.py -> /root/projects/build/realsense2_ros_mqtt_bridge/build/lib/src
[0.647s] copying src/calib_config_handler.py -> /root/projects/build/realsense2_ros_mqtt_bridge/build/lib/src
[0.647s] copying src/entry_point.py -> /root/projects/build/realsense2_ros_mqtt_bridge/build/lib/src
[0.647s] running install
[0.649s] running install_lib
[0.656s] running install_data
[0.656s] copying resource/realsense2_ros_mqtt_bridge -> /root/projects/install/realsense2_ros_mqtt_bridge/share/ament_index/resource_index/packages
[0.656s] copying package.xml -> /root/projects/install/realsense2_ros_mqtt_bridge/share/realsense2_ros_mqtt_bridge
[0.656s] copying launch/rs_launch.py -> /root/projects/install/realsense2_ros_mqtt_bridge/share/realsense2_ros_mqtt_bridge/launch
[0.657s] running install_egg_info
[0.663s] removing '/root/projects/install/realsense2_ros_mqtt_bridge/lib/python3.10/site-packages/realsense2_ros_mqtt_bridge-4.57.0-py3.10.egg-info' (and everything under it)
[0.664s] Copying ../../../../build/realsense2_ros_mqtt_bridge/realsense2_ros_mqtt_bridge.egg-info to /root/projects/install/realsense2_ros_mqtt_bridge/lib/python3.10/site-packages/realsense2_ros_mqtt_bridge-4.57.0-py3.10.egg-info
[0.664s] running install_scripts
[0.677s] Installing realsense2_ros_mqtt_bridge script to /root/projects/install/realsense2_ros_mqtt_bridge/lib/realsense2_ros_mqtt_bridge
[0.678s] writing list of installed files to '/root/projects/build/realsense2_ros_mqtt_bridge/install.log'
[0.692s] Invoked command in '/root/projects/ros2_ws/src/realsense-ros/realsense2_ros_mqtt_bridge' returned '0': PROMPT_COMMAND=history -a; history -n; PYTHONPATH=/root/projects/build/realsense2_ros_mqtt_bridge/prefix_override:/usr/lib/python3/dist-packages/colcon_core/task/python/colcon_distutils_commands:/root/projects/install/realsense2_ros_mqtt_bridge/lib/python3.10/site-packages:${PYTHONPATH} /usr/bin/python3 -W ignore:setup.py install is deprecated -W ignore:easy_install command is deprecated setup.py egg_info --egg-base ../../../../build/realsense2_ros_mqtt_bridge build --build-base /root/projects/build/realsense2_ros_mqtt_bridge/build install --record /root/projects/build/realsense2_ros_mqtt_bridge/install.log --single-version-externally-managed install_data
