[0.012s] Invoking command in '/root/projects/build/realsense2_description': AMENT_PREFIX_PATH=/root/projects/install/realsense2_camera_msgs:${AMENT_PREFIX_PATH} CMAKE_PREFIX_PATH=/root/projects/install/realsense2_camera_msgs:/root/projects/ros2_ws/install/realsense2_rviz_plugin:/root/projects/ros2_ws/install/openarm_bimanual_moveit_config:/root/projects/ros2_ws/install/openarm:/root/projects/ros2_ws/install/openarm_description:/root/projects/ros2_ws/install/realsense2_description:/root/projects/ros2_ws/install/realsense2_camera_msgs:/root/projects/ros2_ws/install/openarm_hardware:/root/projects/ros2_ws/install/openarm_can:/root/projects/ros2_ws/install/openarm_bringup:/root/projects/install/openarm_can:/root/projects/install/openarm_bringup:/root/projects/ros2_ws/install/realsense2_ros_mqtt_bridge:/opt/ros/humble LD_LIBRARY_PATH=/root/projects/install/realsense2_camera_msgs/lib:${LD_LIBRARY_PATH} PROMPT_COMMAND=history -a; history -n; PYTHONPATH=/root/projects/install/realsense2_camera_msgs/local/lib/python3.10/dist-packages:${PYTHONPATH} /usr/bin/cmake --build /root/projects/build/realsense2_description -- -j10 -l10
[0.039s] Invoked command in '/root/projects/build/realsense2_description' returned '0': AMENT_PREFIX_PATH=/root/projects/install/realsense2_camera_msgs:${AMENT_PREFIX_PATH} CMAKE_PREFIX_PATH=/root/projects/install/realsense2_camera_msgs:/root/projects/ros2_ws/install/realsense2_rviz_plugin:/root/projects/ros2_ws/install/openarm_bimanual_moveit_config:/root/projects/ros2_ws/install/openarm:/root/projects/ros2_ws/install/openarm_description:/root/projects/ros2_ws/install/realsense2_description:/root/projects/ros2_ws/install/realsense2_camera_msgs:/root/projects/ros2_ws/install/openarm_hardware:/root/projects/ros2_ws/install/openarm_can:/root/projects/ros2_ws/install/openarm_bringup:/root/projects/install/openarm_can:/root/projects/install/openarm_bringup:/root/projects/ros2_ws/install/realsense2_ros_mqtt_bridge:/opt/ros/humble LD_LIBRARY_PATH=/root/projects/install/realsense2_camera_msgs/lib:${LD_LIBRARY_PATH} PROMPT_COMMAND=history -a; history -n; PYTHONPATH=/root/projects/install/realsense2_camera_msgs/local/lib/python3.10/dist-packages:${PYTHONPATH} /usr/bin/cmake --build /root/projects/build/realsense2_description -- -j10 -l10
[0.040s] Invoking command in '/root/projects/build/realsense2_description': AMENT_PREFIX_PATH=/root/projects/install/realsense2_camera_msgs:${AMENT_PREFIX_PATH} CMAKE_PREFIX_PATH=/root/projects/install/realsense2_camera_msgs:/root/projects/ros2_ws/install/realsense2_rviz_plugin:/root/projects/ros2_ws/install/openarm_bimanual_moveit_config:/root/projects/ros2_ws/install/openarm:/root/projects/ros2_ws/install/openarm_description:/root/projects/ros2_ws/install/realsense2_description:/root/projects/ros2_ws/install/realsense2_camera_msgs:/root/projects/ros2_ws/install/openarm_hardware:/root/projects/ros2_ws/install/openarm_can:/root/projects/ros2_ws/install/openarm_bringup:/root/projects/install/openarm_can:/root/projects/install/openarm_bringup:/root/projects/ros2_ws/install/realsense2_ros_mqtt_bridge:/opt/ros/humble LD_LIBRARY_PATH=/root/projects/install/realsense2_camera_msgs/lib:${LD_LIBRARY_PATH} PROMPT_COMMAND=history -a; history -n; PYTHONPATH=/root/projects/install/realsense2_camera_msgs/local/lib/python3.10/dist-packages:${PYTHONPATH} /usr/bin/cmake --install /root/projects/build/realsense2_description
[0.046s] -- Install configuration: ""
[0.046s] -- Up-to-date: /root/projects/install/realsense2_description/share/realsense2_description/launch
[0.047s] -- Up-to-date: /root/projects/install/realsense2_description/share/realsense2_description/launch/launch_utils.py
[0.047s] -- Up-to-date: /root/projects/install/realsense2_description/share/realsense2_description/launch/view_model.launch.py
[0.047s] -- Up-to-date: /root/projects/install/realsense2_description/share/realsense2_description/meshes
[0.047s] -- Up-to-date: /root/projects/install/realsense2_description/share/realsense2_description/meshes/l515.dae
[0.047s] -- Up-to-date: /root/projects/install/realsense2_description/share/realsense2_description/meshes/d405.stl
[0.047s] -- Up-to-date: /root/projects/install/realsense2_description/share/realsense2_description/meshes/d436.dae
[0.047s] -- Up-to-date: /root/projects/install/realsense2_description/share/realsense2_description/meshes/plug_collision.stl
[0.047s] -- Up-to-date: /root/projects/install/realsense2_description/share/realsense2_description/meshes/d585.stl
[0.047s] -- Up-to-date: /root/projects/install/realsense2_description/share/realsense2_description/meshes/d415.stl
[0.047s] -- Up-to-date: /root/projects/install/realsense2_description/share/realsense2_description/meshes/d435.dae
[0.047s] -- Up-to-date: /root/projects/install/realsense2_description/share/realsense2_description/meshes/d455.stl
[0.047s] -- Up-to-date: /root/projects/install/realsense2_description/share/realsense2_description/meshes/plug.stl
[0.048s] -- Up-to-date: /root/projects/install/realsense2_description/share/realsense2_description/rviz
[0.048s] -- Up-to-date: /root/projects/install/realsense2_description/share/realsense2_description/rviz/urdf.rviz
[0.048s] -- Up-to-date: /root/projects/install/realsense2_description/share/realsense2_description/urdf
[0.048s] -- Up-to-date: /root/projects/install/realsense2_description/share/realsense2_description/urdf/test_d435_camera.urdf.xacro
[0.048s] -- Up-to-date: /root/projects/install/realsense2_description/share/realsense2_description/urdf/test_d415_camera.urdf.xacro
[0.048s] -- Up-to-date: /root/projects/install/realsense2_description/share/realsense2_description/urdf/_d435i_imu_modules.urdf.xacro
[0.048s] -- Up-to-date: /root/projects/install/realsense2_description/share/realsense2_description/urdf/_usb_plug.urdf.xacro
[0.048s] -- Up-to-date: /root/projects/install/realsense2_description/share/realsense2_description/urdf/_r410.urdf.xacro
[0.048s] -- Up-to-date: /root/projects/install/realsense2_description/share/realsense2_description/urdf/_materials.urdf.xacro
[0.048s] -- Up-to-date: /root/projects/install/realsense2_description/share/realsense2_description/urdf/_r430.urdf.xacro
[0.048s] -- Up-to-date: /root/projects/install/realsense2_description/share/realsense2_description/urdf/test_d435i_camera.urdf.xacro
[0.048s] -- Up-to-date: /root/projects/install/realsense2_description/share/realsense2_description/urdf/test_d405_camera.urdf.xacro
[0.048s] -- Up-to-date: /root/projects/install/realsense2_description/share/realsense2_description/urdf/_d435i.urdf.xacro
[0.048s] -- Up-to-date: /root/projects/install/realsense2_description/share/realsense2_description/urdf/_d415.urdf.xacro
[0.048s] -- Up-to-date: /root/projects/install/realsense2_description/share/realsense2_description/urdf/test_d585_camera.urdf.xacro
[0.048s] -- Up-to-date: /root/projects/install/realsense2_description/share/realsense2_description/urdf/test_d435_multiple_cameras.urdf.xacro
[0.048s] -- Up-to-date: /root/projects/install/realsense2_description/share/realsense2_description/urdf/_d405.urdf.xacro
[0.048s] -- Up-to-date: /root/projects/install/realsense2_description/share/realsense2_description/urdf/_d435.urdf.xacro
[0.048s] -- Up-to-date: /root/projects/install/realsense2_description/share/realsense2_description/urdf/test_d455_camera.urdf.xacro
[0.048s] -- Up-to-date: /root/projects/install/realsense2_description/share/realsense2_description/urdf/_d455.urdf.xacro
[0.048s] -- Up-to-date: /root/projects/install/realsense2_description/share/realsense2_description/urdf/test_r410_camera.urdf.xacro
[0.048s] -- Up-to-date: /root/projects/install/realsense2_description/share/realsense2_description/urdf/_d436.urdf.xacro
[0.048s] -- Up-to-date: /root/projects/install/realsense2_description/share/realsense2_description/urdf/test_d436_camera.urdf.xacro
[0.048s] -- Up-to-date: /root/projects/install/realsense2_description/share/realsense2_description/urdf/test_r430_camera.urdf.xacro
[0.048s] -- Up-to-date: /root/projects/install/realsense2_description/share/realsense2_description/urdf/_d585.urdf.xacro
[0.048s] -- Up-to-date: /root/projects/install/realsense2_description/share/ament_index/resource_index/package_run_dependencies/realsense2_description
[0.048s] -- Up-to-date: /root/projects/install/realsense2_description/share/ament_index/resource_index/parent_prefix_path/realsense2_description
[0.048s] -- Up-to-date: /root/projects/install/realsense2_description/share/realsense2_description/environment/ament_prefix_path.sh
[0.048s] -- Up-to-date: /root/projects/install/realsense2_description/share/realsense2_description/environment/ament_prefix_path.dsv
[0.048s] -- Up-to-date: /root/projects/install/realsense2_description/share/realsense2_description/environment/path.sh
[0.048s] -- Up-to-date: /root/projects/install/realsense2_description/share/realsense2_description/environment/path.dsv
[0.048s] -- Up-to-date: /root/projects/install/realsense2_description/share/realsense2_description/local_setup.bash
[0.048s] -- Up-to-date: /root/projects/install/realsense2_description/share/realsense2_description/local_setup.sh
[0.048s] -- Up-to-date: /root/projects/install/realsense2_description/share/realsense2_description/local_setup.zsh
[0.048s] -- Up-to-date: /root/projects/install/realsense2_description/share/realsense2_description/local_setup.dsv
[0.048s] -- Installing: /root/projects/install/realsense2_description/share/realsense2_description/package.dsv
[0.048s] -- Up-to-date: /root/projects/install/realsense2_description/share/ament_index/resource_index/packages/realsense2_description
[0.049s] -- Up-to-date: /root/projects/install/realsense2_description/share/realsense2_description/cmake/realsense2_descriptionConfig.cmake
[0.049s] -- Up-to-date: /root/projects/install/realsense2_description/share/realsense2_description/cmake/realsense2_descriptionConfig-version.cmake
[0.049s] -- Up-to-date: /root/projects/install/realsense2_description/share/realsense2_description/package.xml
[0.050s] Invoked command in '/root/projects/build/realsense2_description' returned '0': AMENT_PREFIX_PATH=/root/projects/install/realsense2_camera_msgs:${AMENT_PREFIX_PATH} CMAKE_PREFIX_PATH=/root/projects/install/realsense2_camera_msgs:/root/projects/ros2_ws/install/realsense2_rviz_plugin:/root/projects/ros2_ws/install/openarm_bimanual_moveit_config:/root/projects/ros2_ws/install/openarm:/root/projects/ros2_ws/install/openarm_description:/root/projects/ros2_ws/install/realsense2_description:/root/projects/ros2_ws/install/realsense2_camera_msgs:/root/projects/ros2_ws/install/openarm_hardware:/root/projects/ros2_ws/install/openarm_can:/root/projects/ros2_ws/install/openarm_bringup:/root/projects/install/openarm_can:/root/projects/install/openarm_bringup:/root/projects/ros2_ws/install/realsense2_ros_mqtt_bridge:/opt/ros/humble LD_LIBRARY_PATH=/root/projects/install/realsense2_camera_msgs/lib:${LD_LIBRARY_PATH} PROMPT_COMMAND=history -a; history -n; PYTHONPATH=/root/projects/install/realsense2_camera_msgs/local/lib/python3.10/dist-packages:${PYTHONPATH} /usr/bin/cmake --install /root/projects/build/realsense2_description
