Consolidate compiler generated dependencies of target gtest_main
Consolidate compiler generated dependencies of target gtest
Consolidate compiler generated dependencies of target realsense2_camera_node
[ 15%] Built target gtest
[ 15%] Built target gtest_main
Consolidate compiler generated dependencies of target realsense2_camera
[ 23%] Built target realsense2_camera_node
Consolidate compiler generated dependencies of target gtest_template
[ 26%] Building CXX object CMakeFiles/realsense2_camera.dir/src/realsense_node_factory.cpp.o
[ 30%] Building CXX object CMakeFiles/realsense2_camera.dir/src/parameters.cpp.o
[ 38%] Built target gtest_template
[ 42%] Building CXX object CMakeFiles/realsense2_camera.dir/src/base_realsense_node.cpp.o
[ 46%] Building CXX object CMakeFiles/realsense2_camera.dir/src/rs_node_setup.cpp.o
[ 50%] Building CXX object CMakeFiles/realsense2_camera.dir/src/ros_utils.cpp.o
[ 53%] Building CXX object CMakeFiles/realsense2_camera.dir/src/ros_sensor.cpp.o
[ 57%] Building CXX object CMakeFiles/realsense2_camera.dir/src/dynamic_params.cpp.o
[ 61%] Building CXX object CMakeFiles/realsense2_camera.dir/src/pointcloud_filter.cpp.o
[ 65%] Building CXX object CMakeFiles/realsense2_camera.dir/src/sensor_params.cpp.o
[ 69%] Building CXX object CMakeFiles/realsense2_camera.dir/src/named_filter.cpp.o
gmake[2]: *** [CMakeFiles/realsense2_camera.dir/build.make:76: CMakeFiles/realsense2_camera.dir/src/realsense_node_factory.cpp.o] Interrupt
gmake[2]: *** [CMakeFiles/realsense2_camera.dir/build.make:104: CMakeFiles/realsense2_camera.dir/src/parameters.cpp.o] Interrupt
gmake[2]: *** [CMakeFiles/realsense2_camera.dir/build.make:118: CMakeFiles/realsense2_camera.dir/src/rs_node_setup.cpp.o] Interrupt
gmake[2]: *** [CMakeFiles/realsense2_camera.dir/build.make:160: CMakeFiles/realsense2_camera.dir/src/dynamic_params.cpp.o] Interrupt
gmake[2]: *** [CMakeFiles/realsense2_camera.dir/build.make:174: CMakeFiles/realsense2_camera.dir/src/sensor_params.cpp.o] Interrupt
gmake[2]: *** [CMakeFiles/realsense2_camera.dir/build.make:146: CMakeFiles/realsense2_camera.dir/src/ros_utils.cpp.o] Interrupt
gmake[2]: *** [CMakeFiles/realsense2_camera.dir/build.make:188: CMakeFiles/realsense2_camera.dir/src/named_filter.cpp.o] Interrupt
gmake[2]: *** [CMakeFiles/realsense2_camera.dir/build.make:202: CMakeFiles/realsense2_camera.dir/src/pointcloud_filter.cpp.o] Interrupt
gmake[2]: *** [CMakeFiles/realsense2_camera.dir/build.make:132: CMakeFiles/realsense2_camera.dir/src/ros_sensor.cpp.o] Interrupt
gmake[2]: *** [CMakeFiles/realsense2_camera.dir/build.make:90: CMakeFiles/realsense2_camera.dir/src/base_realsense_node.cpp.o] Interrupt
gmake[1]: *** [CMakeFiles/Makefile2:159: CMakeFiles/realsense2_camera.dir/all] Interrupt
gmake: *** [Makefile:146: all] Interrupt
