[0.052s] Invoking command in '/root/projects/build/openarm_bimanual_moveit_config': AMENT_PREFIX_PATH=/root/projects/install/openarm_description:/root/projects/install/realsense2_description:/root/projects/install/realsense2_camera_msgs:${AMENT_PREFIX_PATH} CMAKE_PREFIX_PATH=/root/projects/install/openarm_description:/root/projects/install/realsense2_description:/root/projects/install/realsense2_camera_msgs:/root/projects/ros2_ws/install/realsense2_rviz_plugin:/root/projects/ros2_ws/install/openarm_bimanual_moveit_config:/root/projects/ros2_ws/install/openarm:/root/projects/ros2_ws/install/openarm_description:/root/projects/ros2_ws/install/realsense2_description:/root/projects/ros2_ws/install/realsense2_camera_msgs:/root/projects/ros2_ws/install/openarm_hardware:/root/projects/ros2_ws/install/openarm_can:/root/projects/ros2_ws/install/openarm_bringup:/root/projects/install/openarm_can:/root/projects/install/openarm_bringup:/root/projects/ros2_ws/install/realsense2_ros_mqtt_bridge:/opt/ros/humble LD_LIBRARY_PATH=/root/projects/install/realsense2_camera_msgs/lib:${LD_LIBRARY_PATH} PROMPT_COMMAND=history -a; history -n; PYTHONPATH=/root/projects/install/realsense2_camera_msgs/local/lib/python3.10/dist-packages:${PYTHONPATH} /usr/bin/cmake --build /root/projects/build/openarm_bimanual_moveit_config -- -j10 -l10
[0.140s] Invoked command in '/root/projects/build/openarm_bimanual_moveit_config' returned '0': AMENT_PREFIX_PATH=/root/projects/install/openarm_description:/root/projects/install/realsense2_description:/root/projects/install/realsense2_camera_msgs:${AMENT_PREFIX_PATH} CMAKE_PREFIX_PATH=/root/projects/install/openarm_description:/root/projects/install/realsense2_description:/root/projects/install/realsense2_camera_msgs:/root/projects/ros2_ws/install/realsense2_rviz_plugin:/root/projects/ros2_ws/install/openarm_bimanual_moveit_config:/root/projects/ros2_ws/install/openarm:/root/projects/ros2_ws/install/openarm_description:/root/projects/ros2_ws/install/realsense2_description:/root/projects/ros2_ws/install/realsense2_camera_msgs:/root/projects/ros2_ws/install/openarm_hardware:/root/projects/ros2_ws/install/openarm_can:/root/projects/ros2_ws/install/openarm_bringup:/root/projects/install/openarm_can:/root/projects/install/openarm_bringup:/root/projects/ros2_ws/install/realsense2_ros_mqtt_bridge:/opt/ros/humble LD_LIBRARY_PATH=/root/projects/install/realsense2_camera_msgs/lib:${LD_LIBRARY_PATH} PROMPT_COMMAND=history -a; history -n; PYTHONPATH=/root/projects/install/realsense2_camera_msgs/local/lib/python3.10/dist-packages:${PYTHONPATH} /usr/bin/cmake --build /root/projects/build/openarm_bimanual_moveit_config -- -j10 -l10
[0.141s] Invoking command in '/root/projects/build/openarm_bimanual_moveit_config': AMENT_PREFIX_PATH=/root/projects/install/openarm_description:/root/projects/install/realsense2_description:/root/projects/install/realsense2_camera_msgs:${AMENT_PREFIX_PATH} CMAKE_PREFIX_PATH=/root/projects/install/openarm_description:/root/projects/install/realsense2_description:/root/projects/install/realsense2_camera_msgs:/root/projects/ros2_ws/install/realsense2_rviz_plugin:/root/projects/ros2_ws/install/openarm_bimanual_moveit_config:/root/projects/ros2_ws/install/openarm:/root/projects/ros2_ws/install/openarm_description:/root/projects/ros2_ws/install/realsense2_description:/root/projects/ros2_ws/install/realsense2_camera_msgs:/root/projects/ros2_ws/install/openarm_hardware:/root/projects/ros2_ws/install/openarm_can:/root/projects/ros2_ws/install/openarm_bringup:/root/projects/install/openarm_can:/root/projects/install/openarm_bringup:/root/projects/ros2_ws/install/realsense2_ros_mqtt_bridge:/opt/ros/humble LD_LIBRARY_PATH=/root/projects/install/realsense2_camera_msgs/lib:${LD_LIBRARY_PATH} PROMPT_COMMAND=history -a; history -n; PYTHONPATH=/root/projects/install/realsense2_camera_msgs/local/lib/python3.10/dist-packages:${PYTHONPATH} /usr/bin/cmake --install /root/projects/build/openarm_bimanual_moveit_config
[0.154s] -- Install configuration: ""
[0.156s] -- Up-to-date: /root/projects/install/openarm_bimanual_moveit_config/share/ament_index/resource_index/package_run_dependencies/openarm_bimanual_moveit_config
[0.156s] -- Up-to-date: /root/projects/install/openarm_bimanual_moveit_config/share/ament_index/resource_index/parent_prefix_path/openarm_bimanual_moveit_config
[0.156s] -- Up-to-date: /root/projects/install/openarm_bimanual_moveit_config/share/openarm_bimanual_moveit_config/environment/ament_prefix_path.sh
[0.156s] -- Up-to-date: /root/projects/install/openarm_bimanual_moveit_config/share/openarm_bimanual_moveit_config/environment/ament_prefix_path.dsv
[0.156s] -- Up-to-date: /root/projects/install/openarm_bimanual_moveit_config/share/openarm_bimanual_moveit_config/environment/path.sh
[0.156s] -- Up-to-date: /root/projects/install/openarm_bimanual_moveit_config/share/openarm_bimanual_moveit_config/environment/path.dsv
[0.156s] -- Up-to-date: /root/projects/install/openarm_bimanual_moveit_config/share/openarm_bimanual_moveit_config/local_setup.bash
[0.156s] -- Up-to-date: /root/projects/install/openarm_bimanual_moveit_config/share/openarm_bimanual_moveit_config/local_setup.sh
[0.156s] -- Up-to-date: /root/projects/install/openarm_bimanual_moveit_config/share/openarm_bimanual_moveit_config/local_setup.zsh
[0.156s] -- Up-to-date: /root/projects/install/openarm_bimanual_moveit_config/share/openarm_bimanual_moveit_config/local_setup.dsv
[0.156s] -- Installing: /root/projects/install/openarm_bimanual_moveit_config/share/openarm_bimanual_moveit_config/package.dsv
[0.156s] -- Up-to-date: /root/projects/install/openarm_bimanual_moveit_config/share/ament_index/resource_index/packages/openarm_bimanual_moveit_config
[0.156s] -- Up-to-date: /root/projects/install/openarm_bimanual_moveit_config/share/openarm_bimanual_moveit_config/cmake/openarm_bimanual_moveit_configConfig.cmake
[0.156s] -- Up-to-date: /root/projects/install/openarm_bimanual_moveit_config/share/openarm_bimanual_moveit_config/cmake/openarm_bimanual_moveit_configConfig-version.cmake
[0.156s] -- Up-to-date: /root/projects/install/openarm_bimanual_moveit_config/share/openarm_bimanual_moveit_config/package.xml
[0.156s] -- Up-to-date: /root/projects/install/openarm_bimanual_moveit_config/share/openarm_bimanual_moveit_config/launch
[0.157s] -- Up-to-date: /root/projects/install/openarm_bimanual_moveit_config/share/openarm_bimanual_moveit_config/launch/static_virtual_joint_tfs.launch.py
[0.157s] -- Up-to-date: /root/projects/install/openarm_bimanual_moveit_config/share/openarm_bimanual_moveit_config/launch/setup_assistant.launch.py
[0.157s] -- Up-to-date: /root/projects/install/openarm_bimanual_moveit_config/share/openarm_bimanual_moveit_config/launch/demo.launch.py
[0.157s] -- Up-to-date: /root/projects/install/openarm_bimanual_moveit_config/share/openarm_bimanual_moveit_config/launch/spawn_controllers.launch.py
[0.157s] -- Up-to-date: /root/projects/install/openarm_bimanual_moveit_config/share/openarm_bimanual_moveit_config/launch/move_group.launch.py
[0.157s] -- Up-to-date: /root/projects/install/openarm_bimanual_moveit_config/share/openarm_bimanual_moveit_config/launch/moveit_rviz.launch.py
[0.157s] -- Up-to-date: /root/projects/install/openarm_bimanual_moveit_config/share/openarm_bimanual_moveit_config/config
[0.157s] -- Up-to-date: /root/projects/install/openarm_bimanual_moveit_config/share/openarm_bimanual_moveit_config/config/ros2_controllers.yaml
[0.157s] -- Up-to-date: /root/projects/install/openarm_bimanual_moveit_config/share/openarm_bimanual_moveit_config/config/moveit.rviz
[0.157s] -- Up-to-date: /root/projects/install/openarm_bimanual_moveit_config/share/openarm_bimanual_moveit_config/config/openarm_bimanual.srdf
[0.157s] -- Up-to-date: /root/projects/install/openarm_bimanual_moveit_config/share/openarm_bimanual_moveit_config/config/openarm_bimanual.urdf.xacro
[0.157s] -- Up-to-date: /root/projects/install/openarm_bimanual_moveit_config/share/openarm_bimanual_moveit_config/config/joint_limits.yaml
[0.157s] -- Up-to-date: /root/projects/install/openarm_bimanual_moveit_config/share/openarm_bimanual_moveit_config/config/initial_positions.yaml
[0.157s] -- Up-to-date: /root/projects/install/openarm_bimanual_moveit_config/share/openarm_bimanual_moveit_config/config/pilz_cartesian_limits.yaml
[0.157s] -- Up-to-date: /root/projects/install/openarm_bimanual_moveit_config/share/openarm_bimanual_moveit_config/config/sensors_3d.yaml
[0.157s] -- Up-to-date: /root/projects/install/openarm_bimanual_moveit_config/share/openarm_bimanual_moveit_config/config/kinematics.yaml
[0.157s] -- Up-to-date: /root/projects/install/openarm_bimanual_moveit_config/share/openarm_bimanual_moveit_config/config/moveit_controllers.yaml
[0.157s] -- Up-to-date: /root/projects/install/openarm_bimanual_moveit_config/share/openarm_bimanual_moveit_config/.setup_assistant
[0.159s] Invoked command in '/root/projects/build/openarm_bimanual_moveit_config' returned '0': AMENT_PREFIX_PATH=/root/projects/install/openarm_description:/root/projects/install/realsense2_description:/root/projects/install/realsense2_camera_msgs:${AMENT_PREFIX_PATH} CMAKE_PREFIX_PATH=/root/projects/install/openarm_description:/root/projects/install/realsense2_description:/root/projects/install/realsense2_camera_msgs:/root/projects/ros2_ws/install/realsense2_rviz_plugin:/root/projects/ros2_ws/install/openarm_bimanual_moveit_config:/root/projects/ros2_ws/install/openarm:/root/projects/ros2_ws/install/openarm_description:/root/projects/ros2_ws/install/realsense2_description:/root/projects/ros2_ws/install/realsense2_camera_msgs:/root/projects/ros2_ws/install/openarm_hardware:/root/projects/ros2_ws/install/openarm_can:/root/projects/ros2_ws/install/openarm_bringup:/root/projects/install/openarm_can:/root/projects/install/openarm_bringup:/root/projects/ros2_ws/install/realsense2_ros_mqtt_bridge:/opt/ros/humble LD_LIBRARY_PATH=/root/projects/install/realsense2_camera_msgs/lib:${LD_LIBRARY_PATH} PROMPT_COMMAND=history -a; history -n; PYTHONPATH=/root/projects/install/realsense2_camera_msgs/local/lib/python3.10/dist-packages:${PYTHONPATH} /usr/bin/cmake --install /root/projects/build/openarm_bimanual_moveit_config
