[0.012s] Invoking command in '/root/projects/build/realsense2_rviz_plugin': AMENT_PREFIX_PATH=/root/projects/install/realsense2_camera_msgs:${AMENT_PREFIX_PATH} CMAKE_PREFIX_PATH=/root/projects/install/realsense2_camera_msgs:/root/projects/ros2_ws/install/realsense2_rviz_plugin:/root/projects/ros2_ws/install/openarm_bimanual_moveit_config:/root/projects/ros2_ws/install/openarm:/root/projects/ros2_ws/install/openarm_description:/root/projects/ros2_ws/install/realsense2_description:/root/projects/ros2_ws/install/realsense2_camera_msgs:/root/projects/ros2_ws/install/openarm_hardware:/root/projects/ros2_ws/install/openarm_can:/root/projects/ros2_ws/install/openarm_bringup:/root/projects/install/openarm_can:/root/projects/install/openarm_bringup:/root/projects/ros2_ws/install/realsense2_ros_mqtt_bridge:/opt/ros/humble LD_LIBRARY_PATH=/root/projects/install/realsense2_camera_msgs/lib:${LD_LIBRARY_PATH} PROMPT_COMMAND=history -a; history -n; PYTHONPATH=/root/projects/install/realsense2_camera_msgs/local/lib/python3.10/dist-packages:${PYTHONPATH} /usr/bin/cmake /root/projects/ros2_ws/src/realsense-ros/realsense2_rgbd_plugin -DCMAKE_INSTALL_PREFIX=/root/projects/install/realsense2_rviz_plugin
[0.048s] -- The C compiler identification is GNU 11.4.0
[0.082s] -- The CXX compiler identification is GNU 11.4.0
[0.087s] -- Detecting C compiler ABI info
[0.130s] -- Detecting C compiler ABI info - done
[0.133s] -- Check for working C compiler: /usr/bin/cc - skipped
[0.134s] -- Detecting C compile features
[0.134s] -- Detecting C compile features - done
[0.136s] -- Detecting CXX compiler ABI info
[0.187s] -- Detecting CXX compiler ABI info - done
[0.190s] -- Check for working CXX compiler: /usr/bin/c++ - skipped
[0.190s] -- Detecting CXX compile features
[0.190s] -- Detecting CXX compile features - done
[0.192s] -- Found ament_cmake: 1.3.12 (/opt/ros/humble/share/ament_cmake/cmake)
[0.423s] -- Found Python3: /usr/bin/python3 (found version "3.10.12") found components: Interpreter 
[0.490s] -- RVIZ_RGBD_PLUGIN is DISABLED: Plugin will not be built.
[0.532s] -- Configuring done
[0.534s] -- Generating done
[0.535s] -- Build files have been written to: /root/projects/build/realsense2_rviz_plugin
[0.540s] Invoked command in '/root/projects/build/realsense2_rviz_plugin' returned '0': AMENT_PREFIX_PATH=/root/projects/install/realsense2_camera_msgs:${AMENT_PREFIX_PATH} CMAKE_PREFIX_PATH=/root/projects/install/realsense2_camera_msgs:/root/projects/ros2_ws/install/realsense2_rviz_plugin:/root/projects/ros2_ws/install/openarm_bimanual_moveit_config:/root/projects/ros2_ws/install/openarm:/root/projects/ros2_ws/install/openarm_description:/root/projects/ros2_ws/install/realsense2_description:/root/projects/ros2_ws/install/realsense2_camera_msgs:/root/projects/ros2_ws/install/openarm_hardware:/root/projects/ros2_ws/install/openarm_can:/root/projects/ros2_ws/install/openarm_bringup:/root/projects/install/openarm_can:/root/projects/install/openarm_bringup:/root/projects/ros2_ws/install/realsense2_ros_mqtt_bridge:/opt/ros/humble LD_LIBRARY_PATH=/root/projects/install/realsense2_camera_msgs/lib:${LD_LIBRARY_PATH} PROMPT_COMMAND=history -a; history -n; PYTHONPATH=/root/projects/install/realsense2_camera_msgs/local/lib/python3.10/dist-packages:${PYTHONPATH} /usr/bin/cmake /root/projects/ros2_ws/src/realsense-ros/realsense2_rgbd_plugin -DCMAKE_INSTALL_PREFIX=/root/projects/install/realsense2_rviz_plugin
[0.540s] Invoking command in '/root/projects/build/realsense2_rviz_plugin': AMENT_PREFIX_PATH=/root/projects/install/realsense2_camera_msgs:${AMENT_PREFIX_PATH} CMAKE_PREFIX_PATH=/root/projects/install/realsense2_camera_msgs:/root/projects/ros2_ws/install/realsense2_rviz_plugin:/root/projects/ros2_ws/install/openarm_bimanual_moveit_config:/root/projects/ros2_ws/install/openarm:/root/projects/ros2_ws/install/openarm_description:/root/projects/ros2_ws/install/realsense2_description:/root/projects/ros2_ws/install/realsense2_camera_msgs:/root/projects/ros2_ws/install/openarm_hardware:/root/projects/ros2_ws/install/openarm_can:/root/projects/ros2_ws/install/openarm_bringup:/root/projects/install/openarm_can:/root/projects/install/openarm_bringup:/root/projects/ros2_ws/install/realsense2_ros_mqtt_bridge:/opt/ros/humble LD_LIBRARY_PATH=/root/projects/install/realsense2_camera_msgs/lib:${LD_LIBRARY_PATH} PROMPT_COMMAND=history -a; history -n; PYTHONPATH=/root/projects/install/realsense2_camera_msgs/local/lib/python3.10/dist-packages:${PYTHONPATH} /usr/bin/cmake --build /root/projects/build/realsense2_rviz_plugin -- -j10 -l10
[0.564s] Invoked command in '/root/projects/build/realsense2_rviz_plugin' returned '0': AMENT_PREFIX_PATH=/root/projects/install/realsense2_camera_msgs:${AMENT_PREFIX_PATH} CMAKE_PREFIX_PATH=/root/projects/install/realsense2_camera_msgs:/root/projects/ros2_ws/install/realsense2_rviz_plugin:/root/projects/ros2_ws/install/openarm_bimanual_moveit_config:/root/projects/ros2_ws/install/openarm:/root/projects/ros2_ws/install/openarm_description:/root/projects/ros2_ws/install/realsense2_description:/root/projects/ros2_ws/install/realsense2_camera_msgs:/root/projects/ros2_ws/install/openarm_hardware:/root/projects/ros2_ws/install/openarm_can:/root/projects/ros2_ws/install/openarm_bringup:/root/projects/install/openarm_can:/root/projects/install/openarm_bringup:/root/projects/ros2_ws/install/realsense2_ros_mqtt_bridge:/opt/ros/humble LD_LIBRARY_PATH=/root/projects/install/realsense2_camera_msgs/lib:${LD_LIBRARY_PATH} PROMPT_COMMAND=history -a; history -n; PYTHONPATH=/root/projects/install/realsense2_camera_msgs/local/lib/python3.10/dist-packages:${PYTHONPATH} /usr/bin/cmake --build /root/projects/build/realsense2_rviz_plugin -- -j10 -l10
[0.566s] Invoking command in '/root/projects/build/realsense2_rviz_plugin': AMENT_PREFIX_PATH=/root/projects/install/realsense2_camera_msgs:${AMENT_PREFIX_PATH} CMAKE_PREFIX_PATH=/root/projects/install/realsense2_camera_msgs:/root/projects/ros2_ws/install/realsense2_rviz_plugin:/root/projects/ros2_ws/install/openarm_bimanual_moveit_config:/root/projects/ros2_ws/install/openarm:/root/projects/ros2_ws/install/openarm_description:/root/projects/ros2_ws/install/realsense2_description:/root/projects/ros2_ws/install/realsense2_camera_msgs:/root/projects/ros2_ws/install/openarm_hardware:/root/projects/ros2_ws/install/openarm_can:/root/projects/ros2_ws/install/openarm_bringup:/root/projects/install/openarm_can:/root/projects/install/openarm_bringup:/root/projects/ros2_ws/install/realsense2_ros_mqtt_bridge:/opt/ros/humble LD_LIBRARY_PATH=/root/projects/install/realsense2_camera_msgs/lib:${LD_LIBRARY_PATH} PROMPT_COMMAND=history -a; history -n; PYTHONPATH=/root/projects/install/realsense2_camera_msgs/local/lib/python3.10/dist-packages:${PYTHONPATH} /usr/bin/cmake --install /root/projects/build/realsense2_rviz_plugin
[0.569s] -- Install configuration: ""
[0.570s] -- Installing: /root/projects/install/realsense2_rviz_plugin/share/realsense2_rviz_plugin/config/rviz_rgbd_plugin_settings.yaml
[0.570s] -- Installing: /root/projects/install/realsense2_rviz_plugin/share/ament_index/resource_index/package_run_dependencies/realsense2_rviz_plugin
[0.570s] -- Installing: /root/projects/install/realsense2_rviz_plugin/share/ament_index/resource_index/parent_prefix_path/realsense2_rviz_plugin
[0.570s] -- Installing: /root/projects/install/realsense2_rviz_plugin/share/realsense2_rviz_plugin/environment/ament_prefix_path.sh
[0.571s] -- Installing: /root/projects/install/realsense2_rviz_plugin/share/realsense2_rviz_plugin/environment/ament_prefix_path.dsv
[0.571s] -- Installing: /root/projects/install/realsense2_rviz_plugin/share/realsense2_rviz_plugin/environment/path.sh
[0.571s] -- Installing: /root/projects/install/realsense2_rviz_plugin/share/realsense2_rviz_plugin/environment/path.dsv
[0.572s] -- Installing: /root/projects/install/realsense2_rviz_plugin/share/realsense2_rviz_plugin/local_setup.bash
[0.572s] -- Installing: /root/projects/install/realsense2_rviz_plugin/share/realsense2_rviz_plugin/local_setup.sh
[0.572s] -- Installing: /root/projects/install/realsense2_rviz_plugin/share/realsense2_rviz_plugin/local_setup.zsh
[0.572s] -- Installing: /root/projects/install/realsense2_rviz_plugin/share/realsense2_rviz_plugin/local_setup.dsv
[0.572s] -- Installing: /root/projects/install/realsense2_rviz_plugin/share/realsense2_rviz_plugin/package.dsv
[0.572s] -- Installing: /root/projects/install/realsense2_rviz_plugin/share/ament_index/resource_index/packages/realsense2_rviz_plugin
[0.572s] -- Installing: /root/projects/install/realsense2_rviz_plugin/share/realsense2_rviz_plugin/cmake/realsense2_rviz_pluginConfig.cmake
[0.572s] -- Installing: /root/projects/install/realsense2_rviz_plugin/share/realsense2_rviz_plugin/cmake/realsense2_rviz_pluginConfig-version.cmake
[0.572s] -- Installing: /root/projects/install/realsense2_rviz_plugin/share/realsense2_rviz_plugin/package.xml
[0.573s] Invoked command in '/root/projects/build/realsense2_rviz_plugin' returned '0': AMENT_PREFIX_PATH=/root/projects/install/realsense2_camera_msgs:${AMENT_PREFIX_PATH} CMAKE_PREFIX_PATH=/root/projects/install/realsense2_camera_msgs:/root/projects/ros2_ws/install/realsense2_rviz_plugin:/root/projects/ros2_ws/install/openarm_bimanual_moveit_config:/root/projects/ros2_ws/install/openarm:/root/projects/ros2_ws/install/openarm_description:/root/projects/ros2_ws/install/realsense2_description:/root/projects/ros2_ws/install/realsense2_camera_msgs:/root/projects/ros2_ws/install/openarm_hardware:/root/projects/ros2_ws/install/openarm_can:/root/projects/ros2_ws/install/openarm_bringup:/root/projects/install/openarm_can:/root/projects/install/openarm_bringup:/root/projects/ros2_ws/install/realsense2_ros_mqtt_bridge:/opt/ros/humble LD_LIBRARY_PATH=/root/projects/install/realsense2_camera_msgs/lib:${LD_LIBRARY_PATH} PROMPT_COMMAND=history -a; history -n; PYTHONPATH=/root/projects/install/realsense2_camera_msgs/local/lib/python3.10/dist-packages:${PYTHONPATH} /usr/bin/cmake --install /root/projects/build/realsense2_rviz_plugin
