[0.024s] Invoking command in '/root/projects/build/openarm_bringup': CMAKE_PREFIX_PATH=${CMAKE_PREFIX_PATH}:/root/projects/ros2_ws/install/realsense2_ros_mqtt_bridge:/opt/ros/humble PROMPT_COMMAND=history -a; history -n; /usr/bin/cmake /root/projects/ros2_ws/src/openarm_ros2/openarm_bringup -DCMAKE_INSTALL_PREFIX=/root/projects/install/openarm_bringup
[0.038s] -- Found ament_cmake: 1.3.12 (/opt/ros/humble/share/ament_cmake/cmake)
[0.138s] -- Override CMake install command with custom implementation using symlinks instead of copying resources
[0.157s] -- Found ament_lint_auto: 0.12.14 (/opt/ros/humble/share/ament_lint_auto/cmake)
[0.218s] -- Added test 'flake8' to check Python code syntax and style conventions
[0.219s] -- Added test 'lint_cmake' to check CMake code style
[0.219s] -- Added test 'pep257' to check Python code against some of the docstring style conventions in PEP 257
[0.221s] -- Added test 'xmllint' to check XML markup files
[0.222s] -- Configuring done
[0.227s] -- Generating done
[0.229s] -- Build files have been written to: /root/projects/build/openarm_bringup
[0.232s] Invoked command in '/root/projects/build/openarm_bringup' returned '0': CMAKE_PREFIX_PATH=${CMAKE_PREFIX_PATH}:/root/projects/ros2_ws/install/realsense2_ros_mqtt_bridge:/opt/ros/humble PROMPT_COMMAND=history -a; history -n; /usr/bin/cmake /root/projects/ros2_ws/src/openarm_ros2/openarm_bringup -DCMAKE_INSTALL_PREFIX=/root/projects/install/openarm_bringup
[0.233s] Invoking command in '/root/projects/build/openarm_bringup': CMAKE_PREFIX_PATH=${CMAKE_PREFIX_PATH}:/root/projects/ros2_ws/install/realsense2_ros_mqtt_bridge:/opt/ros/humble PROMPT_COMMAND=history -a; history -n; /usr/bin/cmake --build /root/projects/build/openarm_bringup -- -j10 -l10
[0.259s] Invoked command in '/root/projects/build/openarm_bringup' returned '0': CMAKE_PREFIX_PATH=${CMAKE_PREFIX_PATH}:/root/projects/ros2_ws/install/realsense2_ros_mqtt_bridge:/opt/ros/humble PROMPT_COMMAND=history -a; history -n; /usr/bin/cmake --build /root/projects/build/openarm_bringup -- -j10 -l10
[0.260s] Invoking command in '/root/projects/build/openarm_bringup': CMAKE_PREFIX_PATH=${CMAKE_PREFIX_PATH}:/root/projects/ros2_ws/install/realsense2_ros_mqtt_bridge:/opt/ros/humble PROMPT_COMMAND=history -a; history -n; /usr/bin/cmake --install /root/projects/build/openarm_bringup
[0.266s] -- Install configuration: ""
[0.266s] -- Execute custom install script
[0.267s] -- Up-to-date symlink: /root/projects/install/openarm_bringup/share/openarm_bringup/launch/openarm.bimanual.launch.py
[0.267s] -- Up-to-date symlink: /root/projects/install/openarm_bringup/share/openarm_bringup/launch/openarm.launch.py
[0.267s] -- Up-to-date symlink: /root/projects/install/openarm_bringup/share/openarm_bringup/config/v10_controllers/openarm_v10_bimanual_controllers.yaml
[0.268s] -- Up-to-date symlink: /root/projects/install/openarm_bringup/share/openarm_bringup/config/v10_controllers/openarm_v10_bimanual_controllers_namespaced.yaml
[0.268s] -- Up-to-date symlink: /root/projects/install/openarm_bringup/share/openarm_bringup/config/v10_controllers/openarm_v10_controllers.yaml
[0.268s] -- Up-to-date symlink: /root/projects/install/openarm_bringup/share/ament_index/resource_index/package_run_dependencies/openarm_bringup
[0.268s] -- Up-to-date symlink: /root/projects/install/openarm_bringup/share/ament_index/resource_index/parent_prefix_path/openarm_bringup
[0.269s] -- Up-to-date symlink: /root/projects/install/openarm_bringup/share/openarm_bringup/environment/ament_prefix_path.sh
[0.269s] -- Up-to-date symlink: /root/projects/install/openarm_bringup/share/openarm_bringup/environment/ament_prefix_path.dsv
[0.269s] -- Up-to-date symlink: /root/projects/install/openarm_bringup/share/openarm_bringup/environment/path.sh
[0.269s] -- Up-to-date symlink: /root/projects/install/openarm_bringup/share/openarm_bringup/environment/path.dsv
[0.270s] -- Up-to-date symlink: /root/projects/install/openarm_bringup/share/openarm_bringup/local_setup.bash
[0.270s] -- Up-to-date symlink: /root/projects/install/openarm_bringup/share/openarm_bringup/local_setup.sh
[0.270s] -- Up-to-date symlink: /root/projects/install/openarm_bringup/share/openarm_bringup/local_setup.zsh
[0.270s] -- Up-to-date symlink: /root/projects/install/openarm_bringup/share/openarm_bringup/local_setup.dsv
[0.270s] -- Symlinking: /root/projects/install/openarm_bringup/share/openarm_bringup/package.dsv
[0.277s] -- Up-to-date symlink: /root/projects/install/openarm_bringup/share/ament_index/resource_index/packages/openarm_bringup
[0.277s] -- Up-to-date symlink: /root/projects/install/openarm_bringup/share/openarm_bringup/cmake/openarm_bringupConfig.cmake
[0.277s] -- Up-to-date symlink: /root/projects/install/openarm_bringup/share/openarm_bringup/cmake/openarm_bringupConfig-version.cmake
[0.277s] -- Up-to-date symlink: /root/projects/install/openarm_bringup/share/openarm_bringup/package.xml
[0.279s] Invoked command in '/root/projects/build/openarm_bringup' returned '0': CMAKE_PREFIX_PATH=${CMAKE_PREFIX_PATH}:/root/projects/ros2_ws/install/realsense2_ros_mqtt_bridge:/opt/ros/humble PROMPT_COMMAND=history -a; history -n; /usr/bin/cmake --install /root/projects/build/openarm_bringup
