[0.014s] Invoking command in '/root/projects/build/openarm_description': CMAKE_PREFIX_PATH=/root/projects/install/realsense2_description:/root/projects/install/realsense2_camera_msgs:/root/projects/ros2_ws/install/realsense2_rviz_plugin:/root/projects/ros2_ws/install/openarm_bimanual_moveit_config:/root/projects/ros2_ws/install/openarm:/root/projects/ros2_ws/install/openarm_description:/root/projects/ros2_ws/install/realsense2_description:/root/projects/ros2_ws/install/realsense2_camera_msgs:/root/projects/ros2_ws/install/openarm_hardware:/root/projects/ros2_ws/install/openarm_can:/root/projects/install/realsense2_rviz_plugin:/root/projects/install/openarm_bimanual_moveit_config:/root/projects/install/openarm:/root/projects/install/openarm_description:/root/projects/install/openarm_hardware:/root/projects/install/openarm_can:/root/projects/install/openarm_bringup:/root/projects/ros2_ws/install/realsense2_ros_mqtt_bridge:/root/projects/ros2_ws/install/openarm_bringup:/root/projects/install/realsense2_ros_mqtt_bridge:/opt/ros/humble LD_LIBRARY_PATH=/root/projects/install/realsense2_camera_msgs/lib:/root/projects/ros2_ws/install/realsense2_camera_msgs/lib:/root/projects/ros2_ws/install/openarm_hardware/lib:/root/projects/install/openarm_hardware/lib:/opt/ros/humble/opt/rviz_ogre_vendor/lib:/opt/ros/humble/lib/x86_64-linux-gnu:/opt/ros/humble/lib PROMPT_COMMAND=history -a; history -n; /usr/bin/cmake --build /root/projects/build/openarm_description -- -j10 -l10
[0.044s] Invoked command in '/root/projects/build/openarm_description' returned '0': CMAKE_PREFIX_PATH=/root/projects/install/realsense2_description:/root/projects/install/realsense2_camera_msgs:/root/projects/ros2_ws/install/realsense2_rviz_plugin:/root/projects/ros2_ws/install/openarm_bimanual_moveit_config:/root/projects/ros2_ws/install/openarm:/root/projects/ros2_ws/install/openarm_description:/root/projects/ros2_ws/install/realsense2_description:/root/projects/ros2_ws/install/realsense2_camera_msgs:/root/projects/ros2_ws/install/openarm_hardware:/root/projects/ros2_ws/install/openarm_can:/root/projects/install/realsense2_rviz_plugin:/root/projects/install/openarm_bimanual_moveit_config:/root/projects/install/openarm:/root/projects/install/openarm_description:/root/projects/install/openarm_hardware:/root/projects/install/openarm_can:/root/projects/install/openarm_bringup:/root/projects/ros2_ws/install/realsense2_ros_mqtt_bridge:/root/projects/ros2_ws/install/openarm_bringup:/root/projects/install/realsense2_ros_mqtt_bridge:/opt/ros/humble LD_LIBRARY_PATH=/root/projects/install/realsense2_camera_msgs/lib:/root/projects/ros2_ws/install/realsense2_camera_msgs/lib:/root/projects/ros2_ws/install/openarm_hardware/lib:/root/projects/install/openarm_hardware/lib:/opt/ros/humble/opt/rviz_ogre_vendor/lib:/opt/ros/humble/lib/x86_64-linux-gnu:/opt/ros/humble/lib PROMPT_COMMAND=history -a; history -n; /usr/bin/cmake --build /root/projects/build/openarm_description -- -j10 -l10
[0.045s] Invoking command in '/root/projects/build/openarm_description': CMAKE_PREFIX_PATH=/root/projects/install/realsense2_description:/root/projects/install/realsense2_camera_msgs:/root/projects/ros2_ws/install/realsense2_rviz_plugin:/root/projects/ros2_ws/install/openarm_bimanual_moveit_config:/root/projects/ros2_ws/install/openarm:/root/projects/ros2_ws/install/openarm_description:/root/projects/ros2_ws/install/realsense2_description:/root/projects/ros2_ws/install/realsense2_camera_msgs:/root/projects/ros2_ws/install/openarm_hardware:/root/projects/ros2_ws/install/openarm_can:/root/projects/install/realsense2_rviz_plugin:/root/projects/install/openarm_bimanual_moveit_config:/root/projects/install/openarm:/root/projects/install/openarm_description:/root/projects/install/openarm_hardware:/root/projects/install/openarm_can:/root/projects/install/openarm_bringup:/root/projects/ros2_ws/install/realsense2_ros_mqtt_bridge:/root/projects/ros2_ws/install/openarm_bringup:/root/projects/install/realsense2_ros_mqtt_bridge:/opt/ros/humble LD_LIBRARY_PATH=/root/projects/install/realsense2_camera_msgs/lib:/root/projects/ros2_ws/install/realsense2_camera_msgs/lib:/root/projects/ros2_ws/install/openarm_hardware/lib:/root/projects/install/openarm_hardware/lib:/opt/ros/humble/opt/rviz_ogre_vendor/lib:/opt/ros/humble/lib/x86_64-linux-gnu:/opt/ros/humble/lib PROMPT_COMMAND=history -a; history -n; /usr/bin/cmake --install /root/projects/build/openarm_description
[0.051s] -- Install configuration: ""
[0.051s] -- Up-to-date: /root/projects/install/openarm_description/share/openarm_description/launch
[0.051s] -- Up-to-date: /root/projects/install/openarm_description/share/openarm_description/launch/display_openarm.launch.py
[0.051s] -- Up-to-date: /root/projects/install/openarm_description/share/openarm_description/meshes
[0.051s] -- Up-to-date: /root/projects/install/openarm_description/share/openarm_description/meshes/arm
[0.051s] -- Up-to-date: /root/projects/install/openarm_description/share/openarm_description/meshes/arm/v10
[0.052s] -- Up-to-date: /root/projects/install/openarm_description/share/openarm_description/meshes/arm/v10/visual
[0.052s] -- Up-to-date: /root/projects/install/openarm_description/share/openarm_description/meshes/arm/v10/visual/link5.dae
[0.052s] -- Up-to-date: /root/projects/install/openarm_description/share/openarm_description/meshes/arm/v10/visual/link2.dae
[0.052s] -- Up-to-date: /root/projects/install/openarm_description/share/openarm_description/meshes/arm/v10/visual/link6.dae
[0.052s] -- Up-to-date: /root/projects/install/openarm_description/share/openarm_description/meshes/arm/v10/visual/link1.stl
[0.052s] -- Up-to-date: /root/projects/install/openarm_description/share/openarm_description/meshes/arm/v10/visual/link0.stl
[0.052s] -- Up-to-date: /root/projects/install/openarm_description/share/openarm_description/meshes/arm/v10/visual/link7.stl
[0.052s] -- Up-to-date: /root/projects/install/openarm_description/share/openarm_description/meshes/arm/v10/visual/link1.dae
[0.052s] -- Up-to-date: /root/projects/install/openarm_description/share/openarm_description/meshes/arm/v10/visual/link7.dae
[0.052s] -- Up-to-date: /root/projects/install/openarm_description/share/openarm_description/meshes/arm/v10/visual/link5.stl
[0.052s] -- Up-to-date: /root/projects/install/openarm_description/share/openarm_description/meshes/arm/v10/visual/link6.stl
[0.052s] -- Up-to-date: /root/projects/install/openarm_description/share/openarm_description/meshes/arm/v10/visual/link4.dae
[0.052s] -- Up-to-date: /root/projects/install/openarm_description/share/openarm_description/meshes/arm/v10/visual/link3.dae
[0.052s] -- Up-to-date: /root/projects/install/openarm_description/share/openarm_description/meshes/arm/v10/visual/link4.stl
[0.052s] -- Up-to-date: /root/projects/install/openarm_description/share/openarm_description/meshes/arm/v10/visual/link3.stl
[0.052s] -- Up-to-date: /root/projects/install/openarm_description/share/openarm_description/meshes/arm/v10/visual/link0.dae
[0.052s] -- Up-to-date: /root/projects/install/openarm_description/share/openarm_description/meshes/arm/v10/visual/link2.stl
[0.052s] -- Up-to-date: /root/projects/install/openarm_description/share/openarm_description/meshes/arm/v10/collision
[0.052s] -- Up-to-date: /root/projects/install/openarm_description/share/openarm_description/meshes/arm/v10/collision/link4_symp.stl
[0.052s] -- Up-to-date: /root/projects/install/openarm_description/share/openarm_description/meshes/arm/v10/collision/link5_symp.stl
[0.053s] -- Up-to-date: /root/projects/install/openarm_description/share/openarm_description/meshes/arm/v10/collision/link2_symp.stl
[0.054s] -- Up-to-date: /root/projects/install/openarm_description/share/openarm_description/meshes/arm/v10/collision/link0_symp.stl
[0.054s] -- Up-to-date: /root/projects/install/openarm_description/share/openarm_description/meshes/arm/v10/collision/link3_symp.stl
[0.054s] -- Up-to-date: /root/projects/install/openarm_description/share/openarm_description/meshes/arm/v10/collision/link6_symp.stl
[0.054s] -- Up-to-date: /root/projects/install/openarm_description/share/openarm_description/meshes/arm/v10/collision/link7_symp.stl
[0.054s] -- Up-to-date: /root/projects/install/openarm_description/share/openarm_description/meshes/arm/v10/collision/link1_symp.stl
[0.054s] -- Up-to-date: /root/projects/install/openarm_description/share/openarm_description/meshes/ee
[0.054s] -- Up-to-date: /root/projects/install/openarm_description/share/openarm_description/meshes/ee/openarm_hand
[0.054s] -- Up-to-date: /root/projects/install/openarm_description/share/openarm_description/meshes/ee/openarm_hand/visual
[0.054s] -- Up-to-date: /root/projects/install/openarm_description/share/openarm_description/meshes/ee/openarm_hand/visual/finger.stl
[0.054s] -- Up-to-date: /root/projects/install/openarm_description/share/openarm_description/meshes/ee/openarm_hand/visual/hand.dae
[0.054s] -- Up-to-date: /root/projects/install/openarm_description/share/openarm_description/meshes/ee/openarm_hand/visual/finger.dae
[0.054s] -- Up-to-date: /root/projects/install/openarm_description/share/openarm_description/meshes/ee/openarm_hand/collision
[0.054s] -- Up-to-date: /root/projects/install/openarm_description/share/openarm_description/meshes/ee/openarm_hand/collision/finger.stl
[0.054s] -- Up-to-date: /root/projects/install/openarm_description/share/openarm_description/meshes/ee/openarm_hand/collision/hand.stl
[0.054s] -- Up-to-date: /root/projects/install/openarm_description/share/openarm_description/meshes/body
[0.054s] -- Up-to-date: /root/projects/install/openarm_description/share/openarm_description/meshes/body/v10
[0.054s] -- Up-to-date: /root/projects/install/openarm_description/share/openarm_description/meshes/body/v10/visual
[0.054s] -- Up-to-date: /root/projects/install/openarm_description/share/openarm_description/meshes/body/v10/visual/body_link0.stl
[0.054s] -- Up-to-date: /root/projects/install/openarm_description/share/openarm_description/meshes/body/v10/visual/body_link0.dae
[0.054s] -- Up-to-date: /root/projects/install/openarm_description/share/openarm_description/meshes/body/v10/collision
[0.054s] -- Up-to-date: /root/projects/install/openarm_description/share/openarm_description/meshes/body/v10/collision/body_link0_symp.stl
[0.054s] -- Up-to-date: /root/projects/install/openarm_description/share/openarm_description/rviz
[0.054s] -- Up-to-date: /root/projects/install/openarm_description/share/openarm_description/rviz/bimanual.rviz
[0.054s] -- Up-to-date: /root/projects/install/openarm_description/share/openarm_description/rviz/arm_only.rviz
[0.054s] -- Up-to-date: /root/projects/install/openarm_description/share/openarm_description/urdf
[0.054s] -- Up-to-date: /root/projects/install/openarm_description/share/openarm_description/urdf/arm
[0.054s] -- Up-to-date: /root/projects/install/openarm_description/share/openarm_description/urdf/arm/openarm_arm.xacro
[0.054s] -- Up-to-date: /root/projects/install/openarm_description/share/openarm_description/urdf/arm/openarm_macro.xacro
[0.054s] -- Up-to-date: /root/projects/install/openarm_description/share/openarm_description/urdf/ee
[0.054s] -- Up-to-date: /root/projects/install/openarm_description/share/openarm_description/urdf/ee/openarm_hand_macro.xacro
[0.054s] -- Up-to-date: /root/projects/install/openarm_description/share/openarm_description/urdf/ee/ee_with_one_link.xacro
[0.054s] -- Up-to-date: /root/projects/install/openarm_description/share/openarm_description/urdf/ee/openarm_hand.xacro
[0.054s] -- Up-to-date: /root/projects/install/openarm_description/share/openarm_description/urdf/ee/openarm_hand_arguments.xacro
[0.054s] -- Up-to-date: /root/projects/install/openarm_description/share/openarm_description/urdf/ros2_control
[0.054s] -- Up-to-date: /root/projects/install/openarm_description/share/openarm_description/urdf/ros2_control/openarm.bimanual.ros2_control.xacro
[0.055s] -- Up-to-date: /root/projects/install/openarm_description/share/openarm_description/urdf/ros2_control/openarm.ros2_control.xacro
[0.055s] -- Up-to-date: /root/projects/install/openarm_description/share/openarm_description/urdf/body
[0.055s] -- Up-to-date: /root/projects/install/openarm_description/share/openarm_description/urdf/body/openarm_body_macro.xacro
[0.055s] -- Up-to-date: /root/projects/install/openarm_description/share/openarm_description/urdf/body/openarm_body.xacro
[0.055s] -- Up-to-date: /root/projects/install/openarm_description/share/openarm_description/urdf/robot
[0.055s] -- Up-to-date: /root/projects/install/openarm_description/share/openarm_description/urdf/robot/openarm_robot.xacro
[0.055s] -- Up-to-date: /root/projects/install/openarm_description/share/openarm_description/urdf/robot/v10.urdf.xacro
[0.055s] -- Up-to-date: /root/projects/install/openarm_description/share/openarm_description/config
[0.055s] -- Up-to-date: /root/projects/install/openarm_description/share/openarm_description/config/arm
[0.055s] -- Up-to-date: /root/projects/install/openarm_description/share/openarm_description/config/arm/v10
[0.055s] -- Up-to-date: /root/projects/install/openarm_description/share/openarm_description/config/arm/v10/kinematics_link.yaml
[0.055s] -- Up-to-date: /root/projects/install/openarm_description/share/openarm_description/config/arm/v10/joint_limits.yaml
[0.055s] -- Up-to-date: /root/projects/install/openarm_description/share/openarm_description/config/arm/v10/control_gains.yaml
[0.055s] -- Up-to-date: /root/projects/install/openarm_description/share/openarm_description/config/arm/v10/kinematics_offset.yaml
[0.055s] -- Up-to-date: /root/projects/install/openarm_description/share/openarm_description/config/arm/v10/inertials.yaml
[0.055s] -- Up-to-date: /root/projects/install/openarm_description/share/openarm_description/config/arm/v10/kinematics.yaml
[0.056s] -- Up-to-date: /root/projects/install/openarm_description/share/openarm_description/config/hand
[0.056s] -- Up-to-date: /root/projects/install/openarm_description/share/openarm_description/config/hand/openarm_hand
[0.056s] -- Up-to-date: /root/projects/install/openarm_description/share/openarm_description/config/hand/openarm_hand/kinematics_link.yaml
[0.056s] -- Up-to-date: /root/projects/install/openarm_description/share/openarm_description/config/hand/openarm_hand/joint_limits.yaml
[0.056s] -- Up-to-date: /root/projects/install/openarm_description/share/openarm_description/config/hand/openarm_hand/inertials.yaml
[0.056s] -- Up-to-date: /root/projects/install/openarm_description/share/openarm_description/config/hand/openarm_hand/kinematics.yaml
[0.056s] -- Up-to-date: /root/projects/install/openarm_description/share/openarm_description/config/body
[0.056s] -- Up-to-date: /root/projects/install/openarm_description/share/openarm_description/config/body/v10
[0.056s] -- Up-to-date: /root/projects/install/openarm_description/share/openarm_description/config/body/v10/kinematics_link.yaml
[0.056s] -- Up-to-date: /root/projects/install/openarm_description/share/openarm_description/config/body/v10/inertials.yaml
[0.056s] -- Up-to-date: /root/projects/install/openarm_description/share/openarm_description/config/body/v10/kinematics.yaml
[0.056s] -- Up-to-date: /root/projects/install/openarm_description/share/ament_index/resource_index/package_run_dependencies/openarm_description
[0.056s] -- Up-to-date: /root/projects/install/openarm_description/share/ament_index/resource_index/parent_prefix_path/openarm_description
[0.056s] -- Up-to-date: /root/projects/install/openarm_description/share/openarm_description/environment/ament_prefix_path.sh
[0.056s] -- Up-to-date: /root/projects/install/openarm_description/share/openarm_description/environment/ament_prefix_path.dsv
[0.056s] -- Up-to-date: /root/projects/install/openarm_description/share/openarm_description/environment/path.sh
[0.056s] -- Up-to-date: /root/projects/install/openarm_description/share/openarm_description/environment/path.dsv
[0.056s] -- Up-to-date: /root/projects/install/openarm_description/share/openarm_description/local_setup.bash
[0.056s] -- Up-to-date: /root/projects/install/openarm_description/share/openarm_description/local_setup.sh
[0.056s] -- Up-to-date: /root/projects/install/openarm_description/share/openarm_description/local_setup.zsh
[0.056s] -- Up-to-date: /root/projects/install/openarm_description/share/openarm_description/local_setup.dsv
[0.056s] -- Installing: /root/projects/install/openarm_description/share/openarm_description/package.dsv
[0.057s] -- Up-to-date: /root/projects/install/openarm_description/share/ament_index/resource_index/packages/openarm_description
[0.057s] -- Up-to-date: /root/projects/install/openarm_description/share/openarm_description/cmake/openarm_descriptionConfig.cmake
[0.057s] -- Up-to-date: /root/projects/install/openarm_description/share/openarm_description/cmake/openarm_descriptionConfig-version.cmake
[0.057s] -- Up-to-date: /root/projects/install/openarm_description/share/openarm_description/package.xml
[0.058s] Invoked command in '/root/projects/build/openarm_description' returned '0': CMAKE_PREFIX_PATH=/root/projects/install/realsense2_description:/root/projects/install/realsense2_camera_msgs:/root/projects/ros2_ws/install/realsense2_rviz_plugin:/root/projects/ros2_ws/install/openarm_bimanual_moveit_config:/root/projects/ros2_ws/install/openarm:/root/projects/ros2_ws/install/openarm_description:/root/projects/ros2_ws/install/realsense2_description:/root/projects/ros2_ws/install/realsense2_camera_msgs:/root/projects/ros2_ws/install/openarm_hardware:/root/projects/ros2_ws/install/openarm_can:/root/projects/install/realsense2_rviz_plugin:/root/projects/install/openarm_bimanual_moveit_config:/root/projects/install/openarm:/root/projects/install/openarm_description:/root/projects/install/openarm_hardware:/root/projects/install/openarm_can:/root/projects/install/openarm_bringup:/root/projects/ros2_ws/install/realsense2_ros_mqtt_bridge:/root/projects/ros2_ws/install/openarm_bringup:/root/projects/install/realsense2_ros_mqtt_bridge:/opt/ros/humble LD_LIBRARY_PATH=/root/projects/install/realsense2_camera_msgs/lib:/root/projects/ros2_ws/install/realsense2_camera_msgs/lib:/root/projects/ros2_ws/install/openarm_hardware/lib:/root/projects/install/openarm_hardware/lib:/opt/ros/humble/opt/rviz_ogre_vendor/lib:/opt/ros/humble/lib/x86_64-linux-gnu:/opt/ros/humble/lib PROMPT_COMMAND=history -a; history -n; /usr/bin/cmake --install /root/projects/build/openarm_description
