[ 62%] Built target openarm_can
[ 75%] Built target openarm-can-demo
[100%] Built target openarm-can-motor-check
[100%] Built target openarm-can-diagnosis
-- Install configuration: ""
-- Up-to-date: /root/projects/install/openarm_can/lib/libopenarm_can.a
-- Up-to-date: /root/projects/install/openarm_can/include/openarm
-- Up-to-date: /root/projects/install/openarm_can/include/openarm/damiao_motor
-- Up-to-date: /root/projects/install/openarm_can/include/openarm/damiao_motor/dm_motor_device_collection.hpp
-- Up-to-date: /root/projects/install/openarm_can/include/openarm/damiao_motor/dm_motor_control.hpp
-- Up-to-date: /root/projects/install/openarm_can/include/openarm/damiao_motor/dm_motor_constants.hpp
-- Up-to-date: /root/projects/install/openarm_can/include/openarm/damiao_motor/dm_motor.hpp
-- Up-to-date: /root/projects/install/openarm_can/include/openarm/damiao_motor/dm_motor_device.hpp
-- Up-to-date: /root/projects/install/openarm_can/include/openarm/canbus
-- Up-to-date: /root/projects/install/openarm_can/include/openarm/canbus/can_device_collection.hpp
-- Up-to-date: /root/projects/install/openarm_can/include/openarm/canbus/can_socket.hpp
-- Up-to-date: /root/projects/install/openarm_can/include/openarm/canbus/can_device.hpp
-- Up-to-date: /root/projects/install/openarm_can/include/openarm/can
-- Up-to-date: /root/projects/install/openarm_can/include/openarm/can/socket
-- Up-to-date: /root/projects/install/openarm_can/include/openarm/can/socket/arm_component.hpp
-- Up-to-date: /root/projects/install/openarm_can/include/openarm/can/socket/openarm.hpp
-- Up-to-date: /root/projects/install/openarm_can/include/openarm/can/socket/gripper_component.hpp
-- Up-to-date: /root/projects/install/openarm_can/lib/cmake/OpenArmCAN/OpenArmCANTargets.cmake
-- Up-to-date: /root/projects/install/openarm_can/lib/cmake/OpenArmCAN/OpenArmCANTargets-noconfig.cmake
-- Up-to-date: /root/projects/install/openarm_can/lib/cmake/OpenArmCAN/OpenArmCANConfig.cmake
-- Up-to-date: /root/projects/install/openarm_can/lib/cmake/OpenArmCAN/OpenArmCANConfigVersion.cmake
-- Up-to-date: /root/projects/install/openarm_can/lib/pkgconfig/openarm-can.pc
-- Up-to-date: /root/projects/install/openarm_can/bin/openarm-can-motor-check
-- Up-to-date: /root/projects/install/openarm_can/bin/openarm-can-diagnosis
-- Up-to-date: /root/projects/install/openarm_can/bin/openarm-can-demo
-- Up-to-date: /root/projects/install/openarm_can/bin/openarm-can-change-baudrate
-- Up-to-date: /root/projects/install/openarm_can/bin/openarm-can-configure-socketcan
-- Up-to-date: /root/projects/install/openarm_can/bin/openarm-can-configure-socketcan-4-arms
-- Up-to-date: /root/projects/install/openarm_can/bin/openarm-can-set-zero
-- Up-to-date: /root/projects/install/openarm_can/bin/openarm-can-zero-position-calibration
