[0.025s] Invoking command in '/root/projects/build/openarm_teleop': PROMPT_COMMAND=history -a; history -n; /usr/bin/cmake --build /root/projects/build/openarm_teleop -- -j10 -l10
[0.071s] [  7%] [32mBuilding CXX object CMakeFiles/openarm_teleop_lib.dir/src/openarm_port/openarm_init.cpp.o[0m
[0.072s] [ 15%] [32mBuilding CXX object CMakeFiles/openarm_teleop_lib.dir/src/controller/dynamics.cpp.o[0m
[0.072s] [ 23%] [32mBuilding CXX object CMakeFiles/openarm_teleop_lib.dir/src/controller/control.cpp.o[0m
[0.073s] [ 30%] [32mBuilding CXX object CMakeFiles/openarm_teleop_lib.dir/src/openarm_port/joint_mapper.cpp.o[0m
[1.591s] [01m[K/root/projects/ros2_ws/src/openarm_teleop/src/controller/dynamics.cpp:[m[K In member function ‘[01m[Kvoid Dynamics::GetGravity(const double*, double*)[m[K’:
[1.591s] [01m[K/root/projects/ros2_ws/src/openarm_teleop/src/controller/dynamics.cpp:69:16:[m[K [01;35m[Kwarning: [m[Kunused variable ‘[01m[Knjoints[m[K’ [[01;35m[K-Wunused-variable[m[K]
[1.591s]    69 |     const auto [01;35m[Knjoints[m[K = kdl_chain.getNrOfJoints();
[1.591s]       |                [01;35m[K^~~~~~~[m[K
[1.840s] In file included from [01m[K/root/projects/ros2_ws/src/openarm_teleop/src/controller/control.cpp:20[m[K:
[1.840s] [01m[K/root/projects/ros2_ws/src/openarm_teleop/src/controller/control.hpp:[m[K In constructor ‘[01m[KControl::Control(openarm::can::socket::OpenArm*, Dynamics*, Dynamics*, std::shared_ptr<RobotSystemState>, double, int, size_t, size_t)[m[K’:
[1.840s] [01m[K/root/projects/ros2_ws/src/openarm_teleop/src/controller/control.hpp:49:15:[m[K [01;35m[Kwarning: [m[K‘[01m[KControl::dynamics_l_[m[K’ will be initialized after [[01;35m[K-Wreorder[m[K]
[1.840s]    49 |     Dynamics *[01;35m[Kdynamics_l_[m[K;
[1.840s]       |               [01;35m[K^~~~~~~~~~~[m[K
[1.840s] [01m[K/root/projects/ros2_ws/src/openarm_teleop/src/controller/control.hpp:48:15:[m[K [01;35m[Kwarning: [m[K  ‘[01m[KDynamics* Control::dynamics_f_[m[K’ [[01;35m[K-Wreorder[m[K]
[1.840s]    48 |     Dynamics *[01;35m[Kdynamics_f_[m[K;
[1.841s]       |               [01;35m[K^~~~~~~~~~~[m[K
[1.841s] [01m[K/root/projects/ros2_ws/src/openarm_teleop/src/controller/control.cpp:25:1:[m[K [01;35m[Kwarning: [m[K  when initialized here [[01;35m[K-Wreorder[m[K]
[1.841s]    25 | [01;35m[KControl[m[K::Control(openarm::can::socket::OpenArm* arm, Dynamics* dynamics_l, Dynamics* dynamics_f,
[1.841s]       | [01;35m[K^~~~~~~[m[K
[1.841s] In file included from [01m[K/root/projects/ros2_ws/src/openarm_teleop/src/controller/control.cpp:20[m[K:
[1.841s] [01m[K/root/projects/ros2_ws/src/openarm_teleop/src/controller/control.hpp:48:15:[m[K [01;35m[Kwarning: [m[K‘[01m[KControl::dynamics_f_[m[K’ will be initialized after [[01;35m[K-Wreorder[m[K]
[1.841s]    48 |     Dynamics *[01;35m[Kdynamics_f_[m[K;
[1.841s]       |               [01;35m[K^~~~~~~~~~~[m[K
[1.841s] [01m[K/root/projects/ros2_ws/src/openarm_teleop/src/controller/control.hpp:44:39:[m[K [01;35m[Kwarning: [m[K  ‘[01m[Kstd::shared_ptr<RobotSystemState> Control::robot_state_[m[K’ [[01;35m[K-Wreorder[m[K]
[1.841s]    44 |     std::shared_ptr<RobotSystemState> [01;35m[Krobot_state_[m[K;
[1.841s]       |                                       [01;35m[K^~~~~~~~~~~~[m[K
[1.841s] [01m[K/root/projects/ros2_ws/src/openarm_teleop/src/controller/control.cpp:25:1:[m[K [01;35m[Kwarning: [m[K  when initialized here [[01;35m[K-Wreorder[m[K]
[1.841s]    25 | [01;35m[KControl[m[K::Control(openarm::can::socket::OpenArm* arm, Dynamics* dynamics_l, Dynamics* dynamics_f,
[1.842s]       | [01;35m[K^~~~~~~[m[K
[1.842s] In file included from [01m[K/root/projects/ros2_ws/src/openarm_teleop/src/controller/control.cpp:20[m[K:
[1.842s] [01m[K/root/projects/ros2_ws/src/openarm_teleop/src/controller/control.hpp:44:39:[m[K [01;35m[Kwarning: [m[K‘[01m[KControl::robot_state_[m[K’ will be initialized after [[01;35m[K-Wreorder[m[K]
[1.842s]    44 |     std::shared_ptr<RobotSystemState> [01;35m[Krobot_state_[m[K;
[1.842s]       |                                       [01;35m[K^~~~~~~~~~~~[m[K
[1.842s] [01m[K/root/projects/ros2_ws/src/openarm_teleop/src/controller/control.hpp:34:12:[m[K [01;35m[Kwarning: [m[K  ‘[01m[Kdouble Control::Ts_[m[K’ [[01;35m[K-Wreorder[m[K]
[1.842s]    34 |     double [01;35m[KTs_[m[K;
[1.842s]       |            [01;35m[K^~~[m[K
[1.842s] [01m[K/root/projects/ros2_ws/src/openarm_teleop/src/controller/control.cpp:25:1:[m[K [01;35m[Kwarning: [m[K  when initialized here [[01;35m[K-Wreorder[m[K]
[1.842s]    25 | [01;35m[KControl[m[K::Control(openarm::can::socket::OpenArm* arm, Dynamics* dynamics_l, Dynamics* dynamics_f,
[1.842s]       | [01;35m[K^~~~~~~[m[K
[1.842s] In file included from [01m[K/root/projects/ros2_ws/src/openarm_teleop/src/controller/control.cpp:20[m[K:
[1.842s] [01m[K/root/projects/ros2_ws/src/openarm_teleop/src/controller/control.hpp:[m[K In constructor ‘[01m[KControl::Control(openarm::can::socket::OpenArm*, Dynamics*, Dynamics*, std::shared_ptr<RobotSystemState>, double, int, std::string, size_t, size_t)[m[K’:
[1.842s] [01m[K/root/projects/ros2_ws/src/openarm_teleop/src/controller/control.hpp:49:15:[m[K [01;35m[Kwarning: [m[K‘[01m[KControl::dynamics_l_[m[K’ will be initialized after [[01;35m[K-Wreorder[m[K]
[1.842s]    49 |     Dynamics *[01;35m[Kdynamics_l_[m[K;
[1.843s]       |               [01;35m[K^~~~~~~~~~~[m[K
[1.843s] [01m[K/root/projects/ros2_ws/src/openarm_teleop/src/controller/control.hpp:48:15:[m[K [01;35m[Kwarning: [m[K  ‘[01m[KDynamics* Control::dynamics_f_[m[K’ [[01;35m[K-Wreorder[m[K]
[1.843s]    48 |     Dynamics *[01;35m[Kdynamics_f_[m[K;
[1.843s]       |               [01;35m[K^~~~~~~~~~~[m[K
[1.843s] [01m[K/root/projects/ros2_ws/src/openarm_teleop/src/controller/control.cpp:41:1:[m[K [01;35m[Kwarning: [m[K  when initialized here [[01;35m[K-Wreorder[m[K]
[1.843s]    41 | [01;35m[KControl[m[K::Control(openarm::can::socket::OpenArm* arm, Dynamics* dynamics_l, Dynamics* dynamics_f,
[1.843s]       | [01;35m[K^~~~~~~[m[K
[1.843s] In file included from [01m[K/root/projects/ros2_ws/src/openarm_teleop/src/controller/control.cpp:20[m[K:
[1.843s] [01m[K/root/projects/ros2_ws/src/openarm_teleop/src/controller/control.hpp:48:15:[m[K [01;35m[Kwarning: [m[K‘[01m[KControl::dynamics_f_[m[K’ will be initialized after [[01;35m[K-Wreorder[m[K]
[1.843s]    48 |     Dynamics *[01;35m[Kdynamics_f_[m[K;
[1.843s]       |               [01;35m[K^~~~~~~~~~~[m[K
[1.843s] [01m[K/root/projects/ros2_ws/src/openarm_teleop/src/controller/control.hpp:44:39:[m[K [01;35m[Kwarning: [m[K  ‘[01m[Kstd::shared_ptr<RobotSystemState> Control::robot_state_[m[K’ [[01;35m[K-Wreorder[m[K]
[1.843s]    44 |     std::shared_ptr<RobotSystemState> [01;35m[Krobot_state_[m[K;
[1.843s]       |                                       [01;35m[K^~~~~~~~~~~~[m[K
[1.843s] [01m[K/root/projects/ros2_ws/src/openarm_teleop/src/controller/control.cpp:41:1:[m[K [01;35m[Kwarning: [m[K  when initialized here [[01;35m[K-Wreorder[m[K]
[1.843s]    41 | [01;35m[KControl[m[K::Control(openarm::can::socket::OpenArm* arm, Dynamics* dynamics_l, Dynamics* dynamics_f,
[1.843s]       | [01;35m[K^~~~~~~[m[K
[1.843s] In file included from [01m[K/root/projects/ros2_ws/src/openarm_teleop/src/controller/control.cpp:20[m[K:
[1.843s] [01m[K/root/projects/ros2_ws/src/openarm_teleop/src/controller/control.hpp:44:39:[m[K [01;35m[Kwarning: [m[K‘[01m[KControl::robot_state_[m[K’ will be initialized after [[01;35m[K-Wreorder[m[K]
[1.843s]    44 |     std::shared_ptr<RobotSystemState> [01;35m[Krobot_state_[m[K;
[1.843s]       |                                       [01;35m[K^~~~~~~~~~~~[m[K
[1.843s] [01m[K/root/projects/ros2_ws/src/openarm_teleop/src/controller/control.hpp:34:12:[m[K [01;35m[Kwarning: [m[K  ‘[01m[Kdouble Control::Ts_[m[K’ [[01;35m[K-Wreorder[m[K]
[1.843s]    34 |     double [01;35m[KTs_[m[K;
[1.843s]       |            [01;35m[K^~~[m[K
[1.843s] [01m[K/root/projects/ros2_ws/src/openarm_teleop/src/controller/control.cpp:41:1:[m[K [01;35m[Kwarning: [m[K  when initialized here [[01;35m[K-Wreorder[m[K]
[1.843s]    41 | [01;35m[KControl[m[K::Control(openarm::can::socket::OpenArm* arm, Dynamics* dynamics_l, Dynamics* dynamics_f,
[1.844s]       | [01;35m[K^~~~~~~[m[K
[13.526s] [ 38%] [32m[1mLinking CXX static library libopenarm_teleop_lib.a[0m
[13.646s] [ 38%] Built target openarm_teleop_lib
[13.664s] [ 61%] [32mBuilding CXX object CMakeFiles/gravity_comp.dir/control/gravity_compasation.cpp.o[0m
[13.664s] [ 61%] [32mBuilding CXX object CMakeFiles/unilateral_control.dir/control/openarm_unilateral_control.cpp.o[0m
[13.664s] [ 61%] [32mBuilding CXX object CMakeFiles/comm_test.dir/control/openarm_communication_test.cpp.o[0m
[13.666s] [ 69%] [32mBuilding CXX object CMakeFiles/bilateral_control.dir/control/openarm_bilateral_control.cpp.o[0m
[14.385s] [ 76%] [32m[1mLinking CXX executable comm_test[0m
[14.489s] [ 76%] Built target comm_test
[15.240s] [01m[K/root/projects/ros2_ws/src/openarm_teleop/control/openarm_unilateral_control.cpp:[m[K In member function ‘[01m[Kvirtual void LeaderArmThread::on_timer()[m[K’:
[15.240s] [01m[K/root/projects/ros2_ws/src/openarm_teleop/control/openarm_unilateral_control.cpp:57:14:[m[K [01;35m[Kwarning: [m[Kunused variable ‘[01m[Kelapsed_us[m[K’ [[01;35m[K-Wunused-variable[m[K]
[15.240s]    57 |         auto [01;35m[Kelapsed_us[m[K =
[15.240s]       |              [01;35m[K^~~~~~~~~~[m[K
[15.240s] [01m[K/root/projects/ros2_ws/src/openarm_teleop/control/openarm_unilateral_control.cpp:[m[K In member function ‘[01m[Kvirtual void FollowerArmThread::on_timer()[m[K’:
[15.240s] [01m[K/root/projects/ros2_ws/src/openarm_teleop/control/openarm_unilateral_control.cpp:87:14:[m[K [01;35m[Kwarning: [m[Kunused variable ‘[01m[Kelapsed_us[m[K’ [[01;35m[K-Wunused-variable[m[K]
[15.240s]    87 |         auto [01;35m[Kelapsed_us[m[K =
[15.240s]       |              [01;35m[K^~~~~~~~~~[m[K
[15.241s] [01m[K/root/projects/ros2_ws/src/openarm_teleop/control/openarm_unilateral_control.cpp:[m[K In member function ‘[01m[Kvirtual void AdminThread::on_timer()[m[K’:
[15.241s] [01m[K/root/projects/ros2_ws/src/openarm_teleop/control/openarm_unilateral_control.cpp:133:14:[m[K [01;35m[Kwarning: [m[Kunused variable ‘[01m[Kelapsed_us[m[K’ [[01;35m[K-Wunused-variable[m[K]
[15.241s]   133 |         auto [01;35m[Kelapsed_us[m[K =
[15.241s]       |              [01;35m[K^~~~~~~~~~[m[K
[15.245s] [01m[K/root/projects/ros2_ws/src/openarm_teleop/control/openarm_bilateral_control.cpp:[m[K In member function ‘[01m[Kvirtual void LeaderArmThread::on_timer()[m[K’:
[15.245s] [01m[K/root/projects/ros2_ws/src/openarm_teleop/control/openarm_bilateral_control.cpp:57:14:[m[K [01;35m[Kwarning: [m[Kunused variable ‘[01m[Kelapsed_us[m[K’ [[01;35m[K-Wunused-variable[m[K]
[15.245s]    57 |         auto [01;35m[Kelapsed_us[m[K =
[15.245s]       |              [01;35m[K^~~~~~~~~~[m[K
[15.248s] [01m[K/root/projects/ros2_ws/src/openarm_teleop/control/openarm_bilateral_control.cpp:[m[K In member function ‘[01m[Kvirtual void FollowerArmThread::on_timer()[m[K’:
[15.248s] [01m[K/root/projects/ros2_ws/src/openarm_teleop/control/openarm_bilateral_control.cpp:87:14:[m[K [01;35m[Kwarning: [m[Kunused variable ‘[01m[Kelapsed_us[m[K’ [[01;35m[K-Wunused-variable[m[K]
[15.248s]    87 |         auto [01;35m[Kelapsed_us[m[K =
[15.248s]       |              [01;35m[K^~~~~~~~~~[m[K
[15.249s] [01m[K/root/projects/ros2_ws/src/openarm_teleop/control/openarm_bilateral_control.cpp:[m[K In member function ‘[01m[Kvirtual void AdminThread::on_timer()[m[K’:
[15.249s] [01m[K/root/projects/ros2_ws/src/openarm_teleop/control/openarm_bilateral_control.cpp:133:14:[m[K [01;35m[Kwarning: [m[Kunused variable ‘[01m[Kelapsed_us[m[K’ [[01;35m[K-Wunused-variable[m[K]
[15.249s]   133 |         auto [01;35m[Kelapsed_us[m[K =
[15.249s]       |              [01;35m[K^~~~~~~~~~[m[K
[15.418s] [ 84%] [32m[1mLinking CXX executable gravity_comp[0m
[15.685s] [ 84%] Built target gravity_comp
[16.134s] [ 92%] [32m[1mLinking CXX executable unilateral_control[0m
[16.145s] [100%] [32m[1mLinking CXX executable bilateral_control[0m
[16.414s] [100%] Built target unilateral_control
[16.431s] [100%] Built target bilateral_control
