[0.009s] Invoking command in '/root/projects/build/realsense2_camera': CMAKE_PREFIX_PATH=/root/projects/install/realsense2_camera_msgs:/root/projects/install/realsense2_camera:/root/projects/ros2_ws/install/realsense2_rviz_plugin:/root/projects/ros2_ws/install/openarm_bimanual_moveit_config:/root/projects/ros2_ws/install/openarm:/root/projects/ros2_ws/install/openarm_description:/root/projects/ros2_ws/install/realsense2_description:/root/projects/ros2_ws/install/realsense2_camera_msgs:/root/projects/ros2_ws/install/openarm_hardware:/root/projects/ros2_ws/install/openarm_can:/root/projects/ros2_ws/install/openarm_bringup:/root/projects/install/realsense2_rviz_plugin:/root/projects/install/openarm_bimanual_moveit_config:/root/projects/install/openarm:/root/projects/install/openarm_description:/root/projects/install/realsense2_description:/root/projects/install/openarm_hardware:/root/projects/install/openarm_can:/root/projects/install/openarm_bringup:/root/projects/ros2_ws/install/realsense2_ros_mqtt_bridge:/root/projects/install/realsense2_ros_mqtt_bridge:/opt/ros/humble LD_LIBRARY_PATH=/root/projects/install/realsense2_camera_msgs/lib:/root/projects/install/realsense2_camera/lib:/root/projects/ros2_ws/install/realsense2_camera_msgs/lib:/root/projects/ros2_ws/install/openarm_hardware/lib:/root/projects/install/openarm_hardware/lib:/opt/ros/humble/opt/rviz_ogre_vendor/lib:/opt/ros/humble/lib/x86_64-linux-gnu:/opt/ros/humble/lib PROMPT_COMMAND=history -a; history -n; /usr/bin/cmake /root/projects/ros2_ws/src/realsense-ros/realsense2_camera -DCMAKE_INSTALL_PREFIX=/root/projects/install/realsense2_camera
[0.046s] -- The C compiler identification is GNU 11.4.0
[0.087s] -- The CXX compiler identification is GNU 11.4.0
[0.092s] -- Detecting C compiler ABI info
[0.142s] -- Detecting C compiler ABI info - done
[0.146s] -- Check for working C compiler: /usr/bin/cc - skipped
[0.146s] -- Detecting C compile features
[0.146s] -- Detecting C compile features - done
[0.148s] -- Detecting CXX compiler ABI info
[0.209s] -- Detecting CXX compiler ABI info - done
[0.213s] -- Check for working CXX compiler: /usr/bin/c++ - skipped
[0.213s] -- Detecting CXX compile features
[0.213s] -- Detecting CXX compile features - done
[0.213s] -- Create Release Build.
[0.216s] -- Found ament_cmake: 1.3.12 (/opt/ros/humble/share/ament_cmake/cmake)
[0.457s] -- Found Python3: /usr/bin/python3 (found version "3.10.12") found components: Interpreter 
[0.555s] -- Found builtin_interfaces: 1.2.2 (/opt/ros/humble/share/builtin_interfaces/cmake)
[0.584s] -- Found rosidl_generator_c: 3.1.8 (/opt/ros/humble/share/rosidl_generator_c/cmake)
[0.590s] -- Found rosidl_adapter: 3.1.8 (/opt/ros/humble/share/rosidl_adapter/cmake)
[0.597s] -- Found rosidl_generator_cpp: 3.1.8 (/opt/ros/humble/share/rosidl_generator_cpp/cmake)
[0.606s] -- Using all available rosidl_typesupport_c: rosidl_typesupport_fastrtps_c;rosidl_typesupport_introspection_c
[0.620s] -- Using all available rosidl_typesupport_cpp: rosidl_typesupport_fastrtps_cpp;rosidl_typesupport_introspection_cpp
[0.634s] -- Found cv_bridge: 3.2.1 (/opt/ros/humble/share/cv_bridge/cmake)
[0.674s] -- Found image_transport: 3.1.12 (/opt/ros/humble/share/image_transport/cmake)
[0.713s] -- Found rmw_implementation_cmake: 6.1.2 (/opt/ros/humble/share/rmw_implementation_cmake/cmake)
[0.716s] -- Found rmw_fastrtps_cpp: 6.2.9 (/opt/ros/humble/share/rmw_fastrtps_cpp/cmake)
[0.784s] -- Found OpenSSL: /usr/lib/x86_64-linux-gnu/libcrypto.so (found version "3.0.2")  
[0.805s] -- Found FastRTPS: /opt/ros/humble/include  
[0.841s] -- Using RMW implementation 'rmw_fastrtps_cpp' as default
[0.850s] -- Looking for pthread.h
[0.901s] -- Looking for pthread.h - found
[0.901s] -- Performing Test CMAKE_HAVE_LIBC_PTHREAD
[0.952s] -- Performing Test CMAKE_HAVE_LIBC_PTHREAD - Success
[0.953s] -- Found Threads: TRUE  
[1.007s] -- Found rclcpp_action: 16.0.17 (/opt/ros/humble/share/rclcpp_action/cmake)
[1.031s] -- Found rclcpp_components: 16.0.17 (/opt/ros/humble/share/rclcpp_components/cmake)
[1.042s] -- Found realsense2_camera_msgs: 4.56.1 (/root/projects/install/realsense2_camera_msgs/share/realsense2_camera_msgs/cmake)
[1.054s] -- Found nav_msgs: 4.9.0 (/opt/ros/humble/share/nav_msgs/cmake)
[1.064s] -- Found tf2_ros: 0.25.18 (/opt/ros/humble/share/tf2_ros/cmake)
[1.089s] -- Found diagnostic_updater: 4.0.6 (/opt/ros/humble/share/diagnostic_updater/cmake)
[1.103s] -- Found OpenCV: /usr (found version "4.5.4") found components: core 
[1.105s] -- Build for ROS2 Humble
[1.112s] -- Found ament_cmake_gtest: 1.3.12 (/opt/ros/humble/share/ament_cmake_gtest/cmake)
[1.115s] -- Found gtest sources under '/opt/ros/humble/src/gtest_vendor': C++ tests using 'Google Test' will be built
[1.120s] -- Found ament_cmake_pytest: 1.3.12 (/opt/ros/humble/share/ament_cmake_pytest/cmake)
[2.718s] -- rs_device_info:
[2.718s] -- No device detected. Is it plugged in?
[2.718s] 
[2.765s] -- Configuring done
[2.784s] -- Generating done
[2.789s] -- Build files have been written to: /root/projects/build/realsense2_camera
[2.799s] Invoked command in '/root/projects/build/realsense2_camera' returned '0': CMAKE_PREFIX_PATH=/root/projects/install/realsense2_camera_msgs:/root/projects/install/realsense2_camera:/root/projects/ros2_ws/install/realsense2_rviz_plugin:/root/projects/ros2_ws/install/openarm_bimanual_moveit_config:/root/projects/ros2_ws/install/openarm:/root/projects/ros2_ws/install/openarm_description:/root/projects/ros2_ws/install/realsense2_description:/root/projects/ros2_ws/install/realsense2_camera_msgs:/root/projects/ros2_ws/install/openarm_hardware:/root/projects/ros2_ws/install/openarm_can:/root/projects/ros2_ws/install/openarm_bringup:/root/projects/install/realsense2_rviz_plugin:/root/projects/install/openarm_bimanual_moveit_config:/root/projects/install/openarm:/root/projects/install/openarm_description:/root/projects/install/realsense2_description:/root/projects/install/openarm_hardware:/root/projects/install/openarm_can:/root/projects/install/openarm_bringup:/root/projects/ros2_ws/install/realsense2_ros_mqtt_bridge:/root/projects/install/realsense2_ros_mqtt_bridge:/opt/ros/humble LD_LIBRARY_PATH=/root/projects/install/realsense2_camera_msgs/lib:/root/projects/install/realsense2_camera/lib:/root/projects/ros2_ws/install/realsense2_camera_msgs/lib:/root/projects/ros2_ws/install/openarm_hardware/lib:/root/projects/install/openarm_hardware/lib:/opt/ros/humble/opt/rviz_ogre_vendor/lib:/opt/ros/humble/lib/x86_64-linux-gnu:/opt/ros/humble/lib PROMPT_COMMAND=history -a; history -n; /usr/bin/cmake /root/projects/ros2_ws/src/realsense-ros/realsense2_camera -DCMAKE_INSTALL_PREFIX=/root/projects/install/realsense2_camera
[2.800s] Invoking command in '/root/projects/build/realsense2_camera': CMAKE_PREFIX_PATH=/root/projects/install/realsense2_camera_msgs:/root/projects/install/realsense2_camera:/root/projects/ros2_ws/install/realsense2_rviz_plugin:/root/projects/ros2_ws/install/openarm_bimanual_moveit_config:/root/projects/ros2_ws/install/openarm:/root/projects/ros2_ws/install/openarm_description:/root/projects/ros2_ws/install/realsense2_description:/root/projects/ros2_ws/install/realsense2_camera_msgs:/root/projects/ros2_ws/install/openarm_hardware:/root/projects/ros2_ws/install/openarm_can:/root/projects/ros2_ws/install/openarm_bringup:/root/projects/install/realsense2_rviz_plugin:/root/projects/install/openarm_bimanual_moveit_config:/root/projects/install/openarm:/root/projects/install/openarm_description:/root/projects/install/realsense2_description:/root/projects/install/openarm_hardware:/root/projects/install/openarm_can:/root/projects/install/openarm_bringup:/root/projects/ros2_ws/install/realsense2_ros_mqtt_bridge:/root/projects/install/realsense2_ros_mqtt_bridge:/opt/ros/humble LD_LIBRARY_PATH=/root/projects/install/realsense2_camera_msgs/lib:/root/projects/install/realsense2_camera/lib:/root/projects/ros2_ws/install/realsense2_camera_msgs/lib:/root/projects/ros2_ws/install/openarm_hardware/lib:/root/projects/install/openarm_hardware/lib:/opt/ros/humble/opt/rviz_ogre_vendor/lib:/opt/ros/humble/lib/x86_64-linux-gnu:/opt/ros/humble/lib PROMPT_COMMAND=history -a; history -n; /usr/bin/cmake --build /root/projects/build/realsense2_camera -- -j10 -l10
[2.837s] [ 13%] [32mBuilding CXX object CMakeFiles/realsense2_camera.dir/src/realsense_node_factory.cpp.o[0m
[2.837s] [ 13%] [32mBuilding CXX object CMakeFiles/realsense2_camera_node.dir/rclcpp_components/node_main_realsense2_camera_node.cpp.o[0m
[2.837s] [ 13%] [32mBuilding CXX object gtest/CMakeFiles/gtest.dir/src/gtest-all.cc.o[0m
[2.837s] [ 21%] [32mBuilding CXX object CMakeFiles/realsense2_camera.dir/src/rs_node_setup.cpp.o[0m
[2.837s] [ 21%] [32mBuilding CXX object gtest/CMakeFiles/gtest_main.dir/src/gtest_main.cc.o[0m
[2.838s] [ 26%] [32mBuilding CXX object CMakeFiles/realsense2_camera.dir/src/ros_sensor.cpp.o[0m
[2.838s] [ 30%] [32mBuilding CXX object CMakeFiles/realsense2_camera.dir/src/ros_utils.cpp.o[0m
[2.838s] [ 34%] [32mBuilding CXX object CMakeFiles/realsense2_camera.dir/src/parameters.cpp.o[0m
[2.838s] [ 39%] [32mBuilding CXX object CMakeFiles/realsense2_camera.dir/src/base_realsense_node.cpp.o[0m
[2.840s] [ 43%] [32mBuilding CXX object CMakeFiles/realsense2_camera.dir/src/dynamic_params.cpp.o[0m
[3.386s] [ 47%] [32m[1mLinking CXX static library libgtest_main.a[0m
[3.424s] [ 47%] Built target gtest_main
[3.433s] [ 52%] [32mBuilding CXX object CMakeFiles/realsense2_camera.dir/src/sensor_params.cpp.o[0m
[6.263s] [ 56%] [32m[1mLinking CXX executable realsense2_camera_node[0m
[6.291s] [ 60%] [32mBuilding CXX object CMakeFiles/realsense2_camera.dir/src/named_filter.cpp.o[0m
[6.431s] [ 60%] Built target realsense2_camera_node
[6.444s] [ 65%] [32mBuilding CXX object CMakeFiles/realsense2_camera.dir/src/profile_manager.cpp.o[0m
[8.168s] [ 69%] [32mBuilding CXX object CMakeFiles/realsense2_camera.dir/src/image_publisher.cpp.o[0m
[8.931s] [ 73%] [32m[1mLinking CXX static library libgtest.a[0m
[8.989s] [ 73%] Built target gtest
[9.004s] [ 78%] [32mBuilding CXX object CMakeFiles/realsense2_camera.dir/src/tfs.cpp.o[0m
[9.104s] [ 82%] [32mBuilding CXX object CMakeFiles/realsense2_camera.dir/src/actions.cpp.o[0m
[11.337s] [ 86%] [32mBuilding CXX object CMakeFiles/realsense2_camera.dir/src/ros_param_backend.cpp.o[0m
[11.363s] [ 91%] [32mBuilding CXX object CMakeFiles/gtest_template.dir/test/gtest_template.cpp.o[0m
[12.046s] [ 95%] [32m[1mLinking CXX executable gtest_template[0m
[12.130s] [ 95%] Built target gtest_template
[16.806s] [100%] [32m[1mLinking CXX shared library librealsense2_camera.so[0m
[17.164s] [100%] Built target realsense2_camera
[17.174s] Invoked command in '/root/projects/build/realsense2_camera' returned '0': CMAKE_PREFIX_PATH=/root/projects/install/realsense2_camera_msgs:/root/projects/install/realsense2_camera:/root/projects/ros2_ws/install/realsense2_rviz_plugin:/root/projects/ros2_ws/install/openarm_bimanual_moveit_config:/root/projects/ros2_ws/install/openarm:/root/projects/ros2_ws/install/openarm_description:/root/projects/ros2_ws/install/realsense2_description:/root/projects/ros2_ws/install/realsense2_camera_msgs:/root/projects/ros2_ws/install/openarm_hardware:/root/projects/ros2_ws/install/openarm_can:/root/projects/ros2_ws/install/openarm_bringup:/root/projects/install/realsense2_rviz_plugin:/root/projects/install/openarm_bimanual_moveit_config:/root/projects/install/openarm:/root/projects/install/openarm_description:/root/projects/install/realsense2_description:/root/projects/install/openarm_hardware:/root/projects/install/openarm_can:/root/projects/install/openarm_bringup:/root/projects/ros2_ws/install/realsense2_ros_mqtt_bridge:/root/projects/install/realsense2_ros_mqtt_bridge:/opt/ros/humble LD_LIBRARY_PATH=/root/projects/install/realsense2_camera_msgs/lib:/root/projects/install/realsense2_camera/lib:/root/projects/ros2_ws/install/realsense2_camera_msgs/lib:/root/projects/ros2_ws/install/openarm_hardware/lib:/root/projects/install/openarm_hardware/lib:/opt/ros/humble/opt/rviz_ogre_vendor/lib:/opt/ros/humble/lib/x86_64-linux-gnu:/opt/ros/humble/lib PROMPT_COMMAND=history -a; history -n; /usr/bin/cmake --build /root/projects/build/realsense2_camera -- -j10 -l10
[17.175s] Invoking command in '/root/projects/build/realsense2_camera': CMAKE_PREFIX_PATH=/root/projects/install/realsense2_camera_msgs:/root/projects/install/realsense2_camera:/root/projects/ros2_ws/install/realsense2_rviz_plugin:/root/projects/ros2_ws/install/openarm_bimanual_moveit_config:/root/projects/ros2_ws/install/openarm:/root/projects/ros2_ws/install/openarm_description:/root/projects/ros2_ws/install/realsense2_description:/root/projects/ros2_ws/install/realsense2_camera_msgs:/root/projects/ros2_ws/install/openarm_hardware:/root/projects/ros2_ws/install/openarm_can:/root/projects/ros2_ws/install/openarm_bringup:/root/projects/install/realsense2_rviz_plugin:/root/projects/install/openarm_bimanual_moveit_config:/root/projects/install/openarm:/root/projects/install/openarm_description:/root/projects/install/realsense2_description:/root/projects/install/openarm_hardware:/root/projects/install/openarm_can:/root/projects/install/openarm_bringup:/root/projects/ros2_ws/install/realsense2_ros_mqtt_bridge:/root/projects/install/realsense2_ros_mqtt_bridge:/opt/ros/humble LD_LIBRARY_PATH=/root/projects/install/realsense2_camera_msgs/lib:/root/projects/install/realsense2_camera/lib:/root/projects/ros2_ws/install/realsense2_camera_msgs/lib:/root/projects/ros2_ws/install/openarm_hardware/lib:/root/projects/install/openarm_hardware/lib:/opt/ros/humble/opt/rviz_ogre_vendor/lib:/opt/ros/humble/lib/x86_64-linux-gnu:/opt/ros/humble/lib PROMPT_COMMAND=history -a; history -n; /usr/bin/cmake --install /root/projects/build/realsense2_camera
[17.181s] -- Install configuration: "Release"
[17.181s] -- Installing: /root/projects/install/realsense2_camera/lib/realsense2_camera/realsense2_camera_node
[17.181s] -- Set runtime path of "/root/projects/install/realsense2_camera/lib/realsense2_camera/realsense2_camera_node" to ""
[17.181s] -- Installing: /root/projects/install/realsense2_camera/lib/librealsense2_camera.so
[17.184s] -- Set runtime path of "/root/projects/install/realsense2_camera/lib/librealsense2_camera.so" to ""
[17.184s] -- Up-to-date: /root/projects/install/realsense2_camera/include
[17.184s] -- Up-to-date: /root/projects/install/realsense2_camera/include/realsense_node_factory.h
[17.184s] -- Up-to-date: /root/projects/install/realsense2_camera/include/image_publisher.h
[17.184s] -- Up-to-date: /root/projects/install/realsense2_camera/include/base_realsense_node.h
[17.184s] -- Up-to-date: /root/projects/install/realsense2_camera/include/sensor_params.h
[17.184s] -- Up-to-date: /root/projects/install/realsense2_camera/include/ros_sensor.h
[17.184s] -- Up-to-date: /root/projects/install/realsense2_camera/include/named_filter.h
[17.184s] -- Up-to-date: /root/projects/install/realsense2_camera/include/ros_param_backend.h
[17.184s] -- Up-to-date: /root/projects/install/realsense2_camera/include/profile_manager.h
[17.184s] -- Up-to-date: /root/projects/install/realsense2_camera/include/ros_utils.h
[17.184s] -- Up-to-date: /root/projects/install/realsense2_camera/include/gl_window.h
[17.184s] -- Up-to-date: /root/projects/install/realsense2_camera/include/constants.h
[17.184s] -- Up-to-date: /root/projects/install/realsense2_camera/include/dynamic_params.h
[17.185s] -- Up-to-date: /root/projects/install/realsense2_camera/share/realsense2_camera/launch
[17.185s] -- Up-to-date: /root/projects/install/realsense2_camera/share/realsense2_camera/launch/rs_multi_camera_launch_sync.py
[17.185s] -- Up-to-date: /root/projects/install/realsense2_camera/share/realsense2_camera/launch/rs_launch.py
[17.185s] -- Up-to-date: /root/projects/install/realsense2_camera/share/realsense2_camera/launch/default.rviz
[17.185s] -- Up-to-date: /root/projects/install/realsense2_camera/share/realsense2_camera/launch/rs_multi_camera_launch.py
[17.185s] -- Up-to-date: /root/projects/install/realsense2_camera/share/realsense2_camera/launch/rs_intra_process_demo_launch.py
[17.185s] -- Up-to-date: /root/projects/install/realsense2_camera/share/realsense2_camera/examples
[17.185s] -- Up-to-date: /root/projects/install/realsense2_camera/share/realsense2_camera/examples/pointcloud
[17.185s] -- Up-to-date: /root/projects/install/realsense2_camera/share/realsense2_camera/examples/pointcloud/rviz
[17.185s] -- Up-to-date: /root/projects/install/realsense2_camera/share/realsense2_camera/examples/pointcloud/rviz/pointcloud.rviz
[17.185s] -- Up-to-date: /root/projects/install/realsense2_camera/share/realsense2_camera/examples/pointcloud/rviz/urdf_pointcloud.rviz
[17.185s] -- Up-to-date: /root/projects/install/realsense2_camera/share/realsense2_camera/examples/pointcloud/rs_d455_pointcloud_launch.py
[17.185s] -- Up-to-date: /root/projects/install/realsense2_camera/share/realsense2_camera/examples/pointcloud/README.md
[17.185s] -- Up-to-date: /root/projects/install/realsense2_camera/share/realsense2_camera/examples/pointcloud/rs_pointcloud_launch.py
[17.185s] -- Up-to-date: /root/projects/install/realsense2_camera/share/realsense2_camera/examples/pointcloud/rs_d405_pointcloud_launch.py
[17.185s] -- Up-to-date: /root/projects/install/realsense2_camera/share/realsense2_camera/examples/dual_camera
[17.185s] -- Up-to-date: /root/projects/install/realsense2_camera/share/realsense2_camera/examples/dual_camera/rviz
[17.185s] -- Up-to-date: /root/projects/install/realsense2_camera/share/realsense2_camera/examples/dual_camera/rviz/dual_camera_pointcloud.rviz
[17.185s] -- Up-to-date: /root/projects/install/realsense2_camera/share/realsense2_camera/examples/dual_camera/README.md
[17.185s] -- Up-to-date: /root/projects/install/realsense2_camera/share/realsense2_camera/examples/dual_camera/rs_dual_camera_launch.py
[17.185s] -- Up-to-date: /root/projects/install/realsense2_camera/share/realsense2_camera/examples/d500_tables
[17.185s] -- Up-to-date: /root/projects/install/realsense2_camera/share/realsense2_camera/examples/d500_tables/calib_config_example.json
[17.185s] -- Up-to-date: /root/projects/install/realsense2_camera/share/realsense2_camera/examples/align_depth
[17.185s] -- Up-to-date: /root/projects/install/realsense2_camera/share/realsense2_camera/examples/align_depth/rs_align_depth_launch.py
[17.185s] -- Up-to-date: /root/projects/install/realsense2_camera/share/realsense2_camera/examples/align_depth/README.md
[17.185s] -- Up-to-date: /root/projects/install/realsense2_camera/share/realsense2_camera/examples/launch_from_rosbag
[17.186s] -- Up-to-date: /root/projects/install/realsense2_camera/share/realsense2_camera/examples/launch_from_rosbag/rs_launch_from_rosbag.py
[17.186s] -- Up-to-date: /root/projects/install/realsense2_camera/share/realsense2_camera/examples/launch_from_rosbag/README.md
[17.186s] -- Up-to-date: /root/projects/install/realsense2_camera/share/realsense2_camera/examples/launch_params_from_file
[17.186s] -- Up-to-date: /root/projects/install/realsense2_camera/share/realsense2_camera/examples/launch_params_from_file/README.md
[17.186s] -- Up-to-date: /root/projects/install/realsense2_camera/share/realsense2_camera/examples/launch_params_from_file/config
[17.186s] -- Up-to-date: /root/projects/install/realsense2_camera/share/realsense2_camera/examples/launch_params_from_file/config/config.yaml
[17.186s] -- Up-to-date: /root/projects/install/realsense2_camera/share/realsense2_camera/examples/launch_params_from_file/rs_launch_get_params_from_yaml.py
[17.186s] -- Up-to-date: /root/projects/install/realsense2_camera/share/realsense2_camera/environment/library_path.sh
[17.186s] -- Installing: /root/projects/install/realsense2_camera/share/realsense2_camera/environment/library_path.dsv
[17.186s] -- Installing: /root/projects/install/realsense2_camera/share/ament_index/resource_index/package_run_dependencies/realsense2_camera
[17.186s] -- Installing: /root/projects/install/realsense2_camera/share/ament_index/resource_index/parent_prefix_path/realsense2_camera
[17.186s] -- Up-to-date: /root/projects/install/realsense2_camera/share/realsense2_camera/environment/ament_prefix_path.sh
[17.186s] -- Installing: /root/projects/install/realsense2_camera/share/realsense2_camera/environment/ament_prefix_path.dsv
[17.186s] -- Up-to-date: /root/projects/install/realsense2_camera/share/realsense2_camera/environment/path.sh
[17.186s] -- Installing: /root/projects/install/realsense2_camera/share/realsense2_camera/environment/path.dsv
[17.186s] -- Installing: /root/projects/install/realsense2_camera/share/realsense2_camera/local_setup.bash
[17.186s] -- Installing: /root/projects/install/realsense2_camera/share/realsense2_camera/local_setup.sh
[17.186s] -- Installing: /root/projects/install/realsense2_camera/share/realsense2_camera/local_setup.zsh
[17.186s] -- Installing: /root/projects/install/realsense2_camera/share/realsense2_camera/local_setup.dsv
[17.186s] -- Installing: /root/projects/install/realsense2_camera/share/realsense2_camera/package.dsv
[17.186s] -- Installing: /root/projects/install/realsense2_camera/share/ament_index/resource_index/packages/realsense2_camera
[17.186s] -- Installing: /root/projects/install/realsense2_camera/share/ament_index/resource_index/rclcpp_components/realsense2_camera
[17.186s] -- Installing: /root/projects/install/realsense2_camera/share/realsense2_camera/cmake/ament_cmake_export_include_directories-extras.cmake
[17.186s] -- Installing: /root/projects/install/realsense2_camera/share/realsense2_camera/cmake/ament_cmake_export_libraries-extras.cmake
[17.186s] -- Installing: /root/projects/install/realsense2_camera/share/realsense2_camera/cmake/ament_cmake_export_dependencies-extras.cmake
[17.186s] -- Installing: /root/projects/install/realsense2_camera/share/realsense2_camera/cmake/realsense2_cameraConfig.cmake
[17.186s] -- Installing: /root/projects/install/realsense2_camera/share/realsense2_camera/cmake/realsense2_cameraConfig-version.cmake
[17.186s] -- Up-to-date: /root/projects/install/realsense2_camera/share/realsense2_camera/package.xml
[17.188s] Invoked command in '/root/projects/build/realsense2_camera' returned '0': CMAKE_PREFIX_PATH=/root/projects/install/realsense2_camera_msgs:/root/projects/install/realsense2_camera:/root/projects/ros2_ws/install/realsense2_rviz_plugin:/root/projects/ros2_ws/install/openarm_bimanual_moveit_config:/root/projects/ros2_ws/install/openarm:/root/projects/ros2_ws/install/openarm_description:/root/projects/ros2_ws/install/realsense2_description:/root/projects/ros2_ws/install/realsense2_camera_msgs:/root/projects/ros2_ws/install/openarm_hardware:/root/projects/ros2_ws/install/openarm_can:/root/projects/ros2_ws/install/openarm_bringup:/root/projects/install/realsense2_rviz_plugin:/root/projects/install/openarm_bimanual_moveit_config:/root/projects/install/openarm:/root/projects/install/openarm_description:/root/projects/install/realsense2_description:/root/projects/install/openarm_hardware:/root/projects/install/openarm_can:/root/projects/install/openarm_bringup:/root/projects/ros2_ws/install/realsense2_ros_mqtt_bridge:/root/projects/install/realsense2_ros_mqtt_bridge:/opt/ros/humble LD_LIBRARY_PATH=/root/projects/install/realsense2_camera_msgs/lib:/root/projects/install/realsense2_camera/lib:/root/projects/ros2_ws/install/realsense2_camera_msgs/lib:/root/projects/ros2_ws/install/openarm_hardware/lib:/root/projects/install/openarm_hardware/lib:/opt/ros/humble/opt/rviz_ogre_vendor/lib:/opt/ros/humble/lib/x86_64-linux-gnu:/opt/ros/humble/lib PROMPT_COMMAND=history -a; history -n; /usr/bin/cmake --install /root/projects/build/realsense2_camera
