[0.012s] Invoking command in '/root/projects/build/realsense2_camera': CMAKE_PREFIX_PATH=/root/projects/install/realsense2_camera_msgs:/root/projects/ros2_ws/install/realsense2_rviz_plugin:/root/projects/ros2_ws/install/openarm_bimanual_moveit_config:/root/projects/ros2_ws/install/openarm:/root/projects/ros2_ws/install/openarm_description:/root/projects/ros2_ws/install/realsense2_description:/root/projects/ros2_ws/install/realsense2_camera_msgs:/root/projects/ros2_ws/install/openarm_hardware:/root/projects/ros2_ws/install/openarm_can:/root/projects/install/realsense2_rviz_plugin:/root/projects/install/openarm_bimanual_moveit_config:/root/projects/install/openarm:/root/projects/install/openarm_description:/root/projects/install/realsense2_description:/root/projects/install/openarm_hardware:/root/projects/install/openarm_can:/root/projects/install/openarm_bringup:/root/projects/ros2_ws/install/realsense2_ros_mqtt_bridge:/root/projects/ros2_ws/install/openarm_bringup:/root/projects/install/realsense2_ros_mqtt_bridge:/opt/ros/humble LD_LIBRARY_PATH=/root/projects/install/realsense2_camera_msgs/lib:/root/projects/ros2_ws/install/realsense2_camera_msgs/lib:/root/projects/ros2_ws/install/openarm_hardware/lib:/root/projects/install/openarm_hardware/lib:/opt/ros/humble/opt/rviz_ogre_vendor/lib:/opt/ros/humble/lib/x86_64-linux-gnu:/opt/ros/humble/lib PROMPT_COMMAND=history -a; history -n; /usr/bin/cmake /root/projects/realsense-ros/realsense2_camera -DCMAKE_INSTALL_PREFIX=/root/projects/install/realsense2_camera
[0.047s] -- The C compiler identification is GNU 11.4.0
[0.084s] -- The CXX compiler identification is GNU 11.4.0
[0.089s] -- Detecting C compiler ABI info
[0.138s] -- Detecting C compiler ABI info - done
[0.142s] -- Check for working C compiler: /usr/bin/cc - skipped
[0.142s] -- Detecting C compile features
[0.142s] -- Detecting C compile features - done
[0.144s] -- Detecting CXX compiler ABI info
[0.198s] -- Detecting CXX compiler ABI info - done
[0.201s] -- Check for working CXX compiler: /usr/bin/c++ - skipped
[0.201s] -- Detecting CXX compile features
[0.202s] -- Detecting CXX compile features - done
[0.202s] -- Create Release Build.
[0.205s] -- Found ament_cmake: 1.3.12 (/opt/ros/humble/share/ament_cmake/cmake)
[0.441s] -- Found Python3: /usr/bin/python3 (found version "3.10.12") found components: Interpreter 
[0.513s] -- Found builtin_interfaces: 1.2.2 (/opt/ros/humble/share/builtin_interfaces/cmake)
[0.542s] -- Found rosidl_generator_c: 3.1.8 (/opt/ros/humble/share/rosidl_generator_c/cmake)
[0.546s] -- Found rosidl_adapter: 3.1.8 (/opt/ros/humble/share/rosidl_adapter/cmake)
[0.553s] -- Found rosidl_generator_cpp: 3.1.8 (/opt/ros/humble/share/rosidl_generator_cpp/cmake)
[0.562s] -- Using all available rosidl_typesupport_c: rosidl_typesupport_fastrtps_c;rosidl_typesupport_introspection_c
[0.574s] -- Using all available rosidl_typesupport_cpp: rosidl_typesupport_fastrtps_cpp;rosidl_typesupport_introspection_cpp
[0.586s] -- Found rclcpp: 16.0.17 (/opt/ros/humble/share/rclcpp/cmake)
[0.617s] -- Found rmw_implementation_cmake: 6.1.2 (/opt/ros/humble/share/rmw_implementation_cmake/cmake)
[0.619s] -- Found rmw_fastrtps_cpp: 6.2.9 (/opt/ros/humble/share/rmw_fastrtps_cpp/cmake)
[0.684s] -- Found OpenSSL: /usr/lib/x86_64-linux-gnu/libcrypto.so (found version "3.0.2")  
[0.708s] -- Found FastRTPS: /opt/ros/humble/include  
[0.744s] -- Using RMW implementation 'rmw_fastrtps_cpp' as default
[0.755s] -- Looking for pthread.h
[0.807s] -- Looking for pthread.h - found
[0.807s] -- Performing Test CMAKE_HAVE_LIBC_PTHREAD
[0.861s] -- Performing Test CMAKE_HAVE_LIBC_PTHREAD - Success
[0.862s] -- Found Threads: TRUE  
[0.905s] -- Found rclcpp_action: 16.0.17 (/opt/ros/humble/share/rclcpp_action/cmake)
[0.929s] -- Found realsense2_camera_msgs: 4.57.6 (/root/projects/install/realsense2_camera_msgs/share/realsense2_camera_msgs/cmake)
[0.965s] -- Found std_srvs: 4.9.0 (/opt/ros/humble/share/std_srvs/cmake)
[0.975s] -- Found nav_msgs: 4.9.0 (/opt/ros/humble/share/nav_msgs/cmake)
[0.989s] -- Found tf2_ros: 0.25.18 (/opt/ros/humble/share/tf2_ros/cmake)
[1.077s] -- Found diagnostic_updater: 4.0.6 (/opt/ros/humble/share/diagnostic_updater/cmake)
[1.101s] -- Found OpenCV: /usr (found version "4.5.4") found components: core 
[1.104s] -- Found image_transport: 3.1.12 (/opt/ros/humble/share/image_transport/cmake)
[1.122s] -- Found cv_bridge: 3.2.1 (/opt/ros/humble/share/cv_bridge/cmake)
[1.127s] -- Build for ROS2 Humble
[1.131s] -- Found ament_cmake_gtest: 1.3.12 (/opt/ros/humble/share/ament_cmake_gtest/cmake)
[1.134s] -- Found gtest sources under '/opt/ros/humble/src/gtest_vendor': C++ tests using 'Google Test' will be built
[1.139s] -- Found ament_cmake_pytest: 1.3.12 (/opt/ros/humble/share/ament_cmake_pytest/cmake)
[2.802s] -- rs_device_info:
[2.803s] --  07/03 15:24:19,429 ERROR [138600438297152] (context.cpp:40) No valid configuration file found at : /root/.realsense-config.json loading defaults
[2.803s] No device detected. Is it plugged in?
[2.803s] 
[2.851s] -- Configuring done
[2.869s] -- Generating done
[2.874s] -- Build files have been written to: /root/projects/build/realsense2_camera
