[0.012s] Invoking command in '/root/projects/build/openarm_can': CMAKE_PREFIX_PATH=${CMAKE_PREFIX_PATH}:/root/projects/ros2_ws/install/realsense2_ros_mqtt_bridge:/opt/ros/humble PROMPT_COMMAND=history -a; history -n; /usr/bin/cmake /root/projects/ros2_ws/src/openarm_can -DCMAKE_INSTALL_PREFIX=/root/projects/install/openarm_can
[0.095s] -- The C compiler identification is GNU 11.4.0
[0.162s] -- The CXX compiler identification is GNU 11.4.0
[0.168s] -- Detecting C compiler ABI info
[0.221s] -- Detecting C compiler ABI info - done
[0.226s] -- Check for working C compiler: /usr/bin/cc - skipped
[0.227s] -- Detecting C compile features
[0.227s] -- Detecting C compile features - done
[0.229s] -- Detecting CXX compiler ABI info
[0.288s] -- Detecting CXX compiler ABI info - done
[0.291s] -- Check for working CXX compiler: /usr/bin/c++ - skipped
[0.291s] -- Detecting CXX compile features
[0.291s] -- Detecting CXX compile features - done
[0.299s] -- Configuring done
[0.312s] -- Generating done
[0.316s] -- Build files have been written to: /root/projects/build/openarm_can
[0.318s] Invoked command in '/root/projects/build/openarm_can' returned '0': CMAKE_PREFIX_PATH=${CMAKE_PREFIX_PATH}:/root/projects/ros2_ws/install/realsense2_ros_mqtt_bridge:/opt/ros/humble PROMPT_COMMAND=history -a; history -n; /usr/bin/cmake /root/projects/ros2_ws/src/openarm_can -DCMAKE_INSTALL_PREFIX=/root/projects/install/openarm_can
[0.321s] Invoking command in '/root/projects/build/openarm_can': CMAKE_PREFIX_PATH=${CMAKE_PREFIX_PATH}:/root/projects/ros2_ws/install/realsense2_ros_mqtt_bridge:/opt/ros/humble PROMPT_COMMAND=history -a; history -n; /usr/bin/cmake --build /root/projects/build/openarm_can -- -j10 -l10
[0.360s] [ 18%] [32mBuilding CXX object CMakeFiles/openarm_can.dir/src/openarm/damiao_motor/dm_motor_control.cpp.o[0m
[0.361s] [ 18%] [32mBuilding CXX object CMakeFiles/openarm_can.dir/src/openarm/canbus/can_socket.cpp.o[0m
[0.361s] [ 18%] [32mBuilding CXX object CMakeFiles/openarm_can.dir/src/openarm/can/socket/gripper_component.cpp.o[0m
[0.361s] [ 25%] [32mBuilding CXX object CMakeFiles/openarm_can.dir/src/openarm/canbus/can_device_collection.cpp.o[0m
[0.361s] [ 31%] [32mBuilding CXX object CMakeFiles/openarm_can.dir/src/openarm/can/socket/arm_component.cpp.o[0m
[0.361s] [ 43%] [32mBuilding CXX object CMakeFiles/openarm_can.dir/src/openarm/damiao_motor/dm_motor.cpp.o[0m
[0.361s] [ 37%] [32mBuilding CXX object CMakeFiles/openarm_can.dir/src/openarm/damiao_motor/dm_motor_device.cpp.o[0m
[0.361s] [ 50%] [32mBuilding CXX object CMakeFiles/openarm_can.dir/src/openarm/damiao_motor/dm_motor_device_collection.cpp.o[0m
[0.361s] [ 56%] [32mBuilding CXX object CMakeFiles/openarm_can.dir/src/openarm/can/socket/openarm.cpp.o[0m
[0.966s] [ 62%] [32m[1mLinking CXX static library libopenarm_can.a[0m
[0.998s] [ 62%] Built target openarm_can
[1.013s] [ 68%] [32mBuilding CXX object CMakeFiles/openarm-can-motor-check.dir/setup/motor_check.cpp.o[0m
[1.015s] [ 75%] [32mBuilding CXX object CMakeFiles/openarm-can-diagnosis.dir/setup/openarm_can_diagnosis.cpp.o[0m
[1.016s] [ 81%] [32mBuilding CXX object CMakeFiles/openarm-can-demo.dir/examples/demo.cpp.o[0m
[1.405s] [ 87%] [32m[1mLinking CXX executable openarm-can-motor-check[0m
[1.424s] [ 93%] [32m[1mLinking CXX executable openarm-can-demo[0m
[1.462s] [100%] [32m[1mLinking CXX executable openarm-can-diagnosis[0m
[1.479s] [100%] Built target openarm-can-motor-check
[1.499s] [100%] Built target openarm-can-demo
[1.539s] [100%] Built target openarm-can-diagnosis
[1.547s] Invoked command in '/root/projects/build/openarm_can' returned '0': CMAKE_PREFIX_PATH=${CMAKE_PREFIX_PATH}:/root/projects/ros2_ws/install/realsense2_ros_mqtt_bridge:/opt/ros/humble PROMPT_COMMAND=history -a; history -n; /usr/bin/cmake --build /root/projects/build/openarm_can -- -j10 -l10
[1.555s] Invoking command in '/root/projects/build/openarm_can': CMAKE_PREFIX_PATH=${CMAKE_PREFIX_PATH}:/root/projects/ros2_ws/install/realsense2_ros_mqtt_bridge:/opt/ros/humble PROMPT_COMMAND=history -a; history -n; /usr/bin/cmake --install /root/projects/build/openarm_can
[1.560s] -- Install configuration: ""
[1.560s] -- Installing: /root/projects/install/openarm_can/lib/libopenarm_can.a
[1.561s] -- Installing: /root/projects/install/openarm_can/include/openarm
[1.562s] -- Installing: /root/projects/install/openarm_can/include/openarm/damiao_motor
[1.562s] -- Installing: /root/projects/install/openarm_can/include/openarm/damiao_motor/dm_motor_device_collection.hpp
[1.562s] -- Installing: /root/projects/install/openarm_can/include/openarm/damiao_motor/dm_motor_control.hpp
[1.562s] -- Installing: /root/projects/install/openarm_can/include/openarm/damiao_motor/dm_motor_constants.hpp
[1.562s] -- Installing: /root/projects/install/openarm_can/include/openarm/damiao_motor/dm_motor.hpp
[1.562s] -- Installing: /root/projects/install/openarm_can/include/openarm/damiao_motor/dm_motor_device.hpp
[1.562s] -- Installing: /root/projects/install/openarm_can/include/openarm/canbus
[1.562s] -- Installing: /root/projects/install/openarm_can/include/openarm/canbus/can_device_collection.hpp
[1.562s] -- Installing: /root/projects/install/openarm_can/include/openarm/canbus/can_socket.hpp
[1.562s] -- Installing: /root/projects/install/openarm_can/include/openarm/canbus/can_device.hpp
[1.562s] -- Installing: /root/projects/install/openarm_can/include/openarm/can
[1.562s] -- Installing: /root/projects/install/openarm_can/include/openarm/can/socket
[1.562s] -- Installing: /root/projects/install/openarm_can/include/openarm/can/socket/arm_component.hpp
[1.562s] -- Installing: /root/projects/install/openarm_can/include/openarm/can/socket/openarm.hpp
[1.562s] -- Installing: /root/projects/install/openarm_can/include/openarm/can/socket/gripper_component.hpp
[1.563s] -- Installing: /root/projects/install/openarm_can/lib/cmake/OpenArmCAN/OpenArmCANTargets.cmake
[1.563s] -- Installing: /root/projects/install/openarm_can/lib/cmake/OpenArmCAN/OpenArmCANTargets-noconfig.cmake
[1.563s] -- Installing: /root/projects/install/openarm_can/lib/cmake/OpenArmCAN/OpenArmCANConfig.cmake
[1.563s] -- Installing: /root/projects/install/openarm_can/lib/cmake/OpenArmCAN/OpenArmCANConfigVersion.cmake
[1.563s] -- Installing: /root/projects/install/openarm_can/lib/pkgconfig/openarm-can.pc
[1.563s] -- Installing: /root/projects/install/openarm_can/bin/openarm-can-motor-check
[1.563s] -- Installing: /root/projects/install/openarm_can/bin/openarm-can-diagnosis
[1.564s] -- Installing: /root/projects/install/openarm_can/bin/openarm-can-demo
[1.564s] -- Installing: /root/projects/install/openarm_can/bin/openarm-can-change-baudrate
[1.564s] -- Installing: /root/projects/install/openarm_can/bin/openarm-can-configure-socketcan
[1.564s] -- Installing: /root/projects/install/openarm_can/bin/openarm-can-configure-socketcan-4-arms
[1.565s] -- Installing: /root/projects/install/openarm_can/bin/openarm-can-set-zero
[1.565s] -- Installing: /root/projects/install/openarm_can/bin/openarm-can-zero-position-calibration
[1.567s] Invoked command in '/root/projects/build/openarm_can' returned '0': CMAKE_PREFIX_PATH=${CMAKE_PREFIX_PATH}:/root/projects/ros2_ws/install/realsense2_ros_mqtt_bridge:/opt/ros/humble PROMPT_COMMAND=history -a; history -n; /usr/bin/cmake --install /root/projects/build/openarm_can
