[0.027s] Invoking command in '/root/projects/build/openarm_bringup': CMAKE_PREFIX_PATH=${CMAKE_PREFIX_PATH}:/root/projects/ros2_ws/install/realsense2_ros_mqtt_bridge:/opt/ros/humble PROMPT_COMMAND=history -a; history -n; /usr/bin/cmake /root/projects/ros2_ws/src/openarm_ros2/openarm_bringup -DAMENT_CMAKE_SYMLINK_INSTALL=1 -DCMAKE_INSTALL_PREFIX=/root/projects/install/openarm_bringup
[0.068s] -- The C compiler identification is GNU 11.4.0
[0.130s] -- The CXX compiler identification is GNU 11.4.0
[0.135s] -- Detecting C compiler ABI info
[0.204s] -- Detecting C compiler ABI info - done
[0.209s] -- Check for working C compiler: /usr/bin/cc - skipped
[0.209s] -- Detecting C compile features
[0.209s] -- Detecting C compile features - done
[0.210s] -- Detecting CXX compiler ABI info
[0.271s] -- Detecting CXX compiler ABI info - done
[0.276s] -- Check for working CXX compiler: /usr/bin/c++ - skipped
[0.276s] -- Detecting CXX compile features
[0.276s] -- Detecting CXX compile features - done
[0.291s] -- Found ament_cmake: 1.3.12 (/opt/ros/humble/share/ament_cmake/cmake)
[0.558s] -- Found Python3: /usr/bin/python3 (found version "3.10.12") found components: Interpreter 
[0.631s] -- Override CMake install command with custom implementation using symlinks instead of copying resources
[0.661s] -- Found ament_lint_auto: 0.12.14 (/opt/ros/humble/share/ament_lint_auto/cmake)
[0.732s] -- Added test 'flake8' to check Python code syntax and style conventions
[0.733s] -- Added test 'lint_cmake' to check CMake code style
[0.734s] -- Added test 'pep257' to check Python code against some of the docstring style conventions in PEP 257
[0.735s] -- Added test 'xmllint' to check XML markup files
[0.737s] -- Configuring done
[0.740s] -- Generating done
[0.740s] -- Build files have been written to: /root/projects/build/openarm_bringup
